[{"stream_name":"stderr","time":7.510394212,"data":"0.00s - Debugger warning: It seems that frozen modules are being used, which may\n"}
,{"stream_name":"stderr","time":7.5104738300000005,"data":"0.00s - make the debugger miss breakpoints. Please pass -Xfrozen_modules=off\n"}
,{"stream_name":"stderr","time":7.510479898,"data":"0.00s - to python to disable frozen modules.\n"}
,{"stream_name":"stderr","time":7.51048298,"data":"0.00s - Note: Debugging will proceed. Set PYDEVD_DISABLE_FILE_VALIDATION=1 to disable this validation.\n"}
,{"stream_name":"stderr","time":8.217951796,"data":"0.00s - Debugger warning: It seems that frozen modules are being used, which may\n"}
,{"stream_name":"stderr","time":8.217993204,"data":"0.00s - make the debugger miss breakpoints. Please pass -Xfrozen_modules=off\n"}
,{"stream_name":"stderr","time":8.217998009,"data":"0.00s - to python to disable frozen modules.\n"}
,{"stream_name":"stderr","time":8.218018239,"data":"0.00s - Note: Debugging will proceed. Set PYDEVD_DISABLE_FILE_VALIDATION=1 to disable this validation.\n"}
,{"stream_name":"stdout","time":25.472686417,"data":"GPU detected but PyTorch CUDA kernels broken. Reinstalling...\n"}
,{"stream_name":"stdout","time":57.325133888,"data":"     ━━━━━━━━━━━━━━━━━━━━━━━━━━━━━━━━━━━━━━━ 780.4/780.4 MB 2.3 MB/s eta 0:00:00\n"}
,{"stream_name":"stdout","time":57.531524882,"data":"     ━━━━━━━━━━━━━━━━━━━━━━━━━━━━━━━━━━━━━━━ 780.4/780.4 MB 2.3 MB/s eta 0:00:00\n"}
,{"stream_name":"stdout","time":60.24091887,"data":"     ━━━━━━━━━━━━━━━━━━━━━━━━━━━━━━━━━━━━━━━━ 7.3/7.3 MB 98.4 MB/s eta 0:00:00\n"}
,{"stream_name":"stdout","time":60.444142134,"data":"     ━━━━━━━━━━━━━━━━━━━━━━━━━━━━━━━━━━━━━━━━ 7.3/7.3 MB 98.4 MB/s eta 0:00:00\n"}
,{"stream_name":"stdout","time":60.646594996,"data":"     ━━━━━━━━━━━━━━━━━━━━━━━━━━━━━━━━━━━━━━━━ 23.7/23.7 MB 72.0 MB/s eta 0:00:00\n"}
,{"stream_name":"stdout","time":60.849289354,"data":"     ━━━━━━━━━━━━━━━━━━━━━━━━━━━━━━━━━━━━━━━━ 23.7/23.7 MB 72.0 MB/s eta 0:00:00\n"}
,{"stream_name":"stdout","time":60.869971816,"data":"     ━━━━━━━━━━━━━━━━━━━━━━━━━━━━━━━━━━━━━━ 823.6/823.6 kB 44.1 MB/s eta 0:00:00\n"}
,{"stream_name":"stdout","time":61.072489435,"data":"     ━━━━━━━━━━━━━━━━━━━━━━━━━━━━━━━━━━━━━━ 823.6/823.6 kB 44.1 MB/s eta 0:00:00\n"}
,{"stream_name":"stdout","time":61.088053998,"data":"     ━━━━━━━━━━━━━━━━━━━━━━━━━━━━━━━━━━━━━━━━ 14.1/14.1 MB 92.4 MB/s eta 0:00:00\n"}
,{"stream_name":"stdout","time":61.290934139,"data":"     ━━━━━━━━━━━━━━━━━━━━━━━━━━━━━━━━━━━━━━━━ 14.1/14.1 MB 92.4 MB/s eta 0:00:00\n"}
,{"stream_name":"stdout","time":69.038539467,"data":"     ━━━━━━━━━━━━━━━━━━━━━━━━━━━━━━━━━━━━━━━ 664.8/664.8 MB 2.4 MB/s eta 0:00:00\n"}
,{"stream_name":"stdout","time":69.241182541,"data":"     ━━━━━━━━━━━━━━━━━━━━━━━━━━━━━━━━━━━━━━━ 664.8/664.8 MB 2.4 MB/s eta 0:00:00\n"}
,{"stream_name":"stdout","time":76.40437769,"data":"     ━━━━━━━━━━━━━━━━━━━━━━━━━━━━━━━━━━━━━━━ 410.6/410.6 MB 3.5 MB/s eta 0:00:00\n"}
,{"stream_name":"stdout","time":76.607233147,"data":"     ━━━━━━━━━━━━━━━━━━━━━━━━━━━━━━━━━━━━━━━ 410.6/410.6 MB 3.5 MB/s eta 0:00:00\n"}
,{"stream_name":"stdout","time":80.064620794,"data":"     ━━━━━━━━━━━━━━━━━━━━━━━━━━━━━━━━━━━━━━━ 121.6/121.6 MB 6.5 MB/s eta 0:00:00\n"}
,{"stream_name":"stdout","time":80.267151018,"data":"     ━━━━━━━━━━━━━━━━━━━━━━━━━━━━━━━━━━━━━━━ 121.6/121.6 MB 6.5 MB/s eta 0:00:00\n"}
,{"stream_name":"stdout","time":81.092676471,"data":"     ━━━━━━━━━━━━━━━━━━━━━━━━━━━━━━━━━━━━━━━━ 56.5/56.5 MB 32.9 MB/s eta 0:00:00\n"}
,{"stream_name":"stdout","time":81.295196823,"data":"     ━━━━━━━━━━━━━━━━━━━━━━━━━━━━━━━━━━━━━━━━ 56.5/56.5 MB 32.9 MB/s eta 0:00:00\n"}
,{"stream_name":"stdout","time":83.491908187,"data":"     ━━━━━━━━━━━━━━━━━━━━━━━━━━━━━━━━━━━━━━━ 124.2/124.2 MB 6.9 MB/s eta 0:00:00\n"}
,{"stream_name":"stdout","time":83.694364099,"data":"     ━━━━━━━━━━━━━━━━━━━━━━━━━━━━━━━━━━━━━━━ 124.2/124.2 MB 6.9 MB/s eta 0:00:00\n"}
,{"stream_name":"stdout","time":85.98723458,"data":"     ━━━━━━━━━━━━━━━━━━━━━━━━━━━━━━━━━━━━━━━ 196.0/196.0 MB 9.2 MB/s eta 0:00:00\n"}
,{"stream_name":"stdout","time":86.190136004,"data":"     ━━━━━━━━━━━━━━━━━━━━━━━━━━━━━━━━━━━━━━━ 196.0/196.0 MB 9.2 MB/s eta 0:00:00\n"}
,{"stream_name":"stdout","time":89.517858891,"data":"     ━━━━━━━━━━━━━━━━━━━━━━━━━━━━━━━━━━━━━━━ 188.7/188.7 MB 5.7 MB/s eta 0:00:00\n"}
,{"stream_name":"stdout","time":89.728521499,"data":"     ━━━━━━━━━━━━━━━━━━━━━━━━━━━━━━━━━━━━━━━ 188.7/188.7 MB 5.7 MB/s eta 0:00:00\n"}
,{"stream_name":"stdout","time":90.295935008,"data":"     ━━━━━━━━━━━━━━━━━━━━━━━━━━━━━━━━━━━━━━━━ 99.1/99.1 kB 7.3 MB/s eta 0:00:00\n"}
,{"stream_name":"stdout","time":90.498949758,"data":"     ━━━━━━━━━━━━━━━━━━━━━━━━━━━━━━━━━━━━━━━━ 99.1/99.1 kB 7.3 MB/s eta 0:00:00\n"}
,{"stream_name":"stdout","time":92.545799348,"data":"     ━━━━━━━━━━━━━━━━━━━━━━━━━━━━━━━━━━━━━━━ 209.6/209.6 MB 8.6 MB/s eta 0:00:00\n"}
,{"stream_name":"stdout","time":92.747823372,"data":"     ━━━━━━━━━━━━━━━━━━━━━━━━━━━━━━━━━━━━━━━ 209.6/209.6 MB 8.6 MB/s eta 0:00:00\n"}
,{"stream_name":"stdout","time":95.654268667,"data":"   ━━━━━━━━━━━━━━━━━━━━━━━━━━━━━━━━━━━━━━━━ 6.2/6.2 MB 51.6 MB/s eta 0:00:00\n"}
,{"stream_name":"stdout","time":95.856862746,"data":"   ━━━━━━━━━━━━━━━━━━━━━━━━━━━━━━━━━━━━━━━━ 6.2/6.2 MB 51.6 MB/s eta 0:00:00\n"}
,{"stream_name":"stdout","time":202.622079274,"data":"CUDA now works after PyTorch reinstall.\n"}
,{"stream_name":"stdout","time":202.622142918,"data":"Dependencies installed. CUDA ready: True\n"}
,{"stream_name":"stdout","time":205.55653996,"data":"PyTorch: 2.5.1+cu121\n"}
,{"stream_name":"stdout","time":205.556583898,"data":"CUDA available (is_available): True\n"}
,{"stream_name":"stdout","time":205.556589835,"data":"✓ CUDA smoke test PASSED (T4/P100 kernels OK). Sum=169.05\n"}
,{"stream_name":"stdout","time":205.556595572,"data":"\n"}
,{"stream_name":"stdout","time":205.556599658,"data":"🟢 Using GPU: Tesla P100-PCIE-16GB\n"}
,{"stream_name":"stdout","time":205.556603777,"data":"   Memory: 17.1 GB\n"}
,{"stream_name":"stdout","time":205.556613278,"data":"   Capability: sm_60\n"}
,{"stream_name":"stdout","time":214.344274984,"data":"timm: 1.0.26\n"}
,{"stream_name":"stdout","time":214.544679658,"data":"Available datasets in /kaggle/input:\n"}
,{"stream_name":"stdout","time":214.544721796,"data":"  /kaggle/input/datasets\n"}
,{"stream_name":"stdout","time":2144.998205545,"data":"\n"}
,{"stream_name":"stdout","time":2144.998275464,"data":"Using: /kaggle/input/datasets\n"}
,{"stream_name":"stdout","time":6461.758360415,"data":"Loading metadata from: /kaggle/input/datasets/picekl/fungitastic/climaticData/FungiTastic-Climatic-Timeseries.csv\n"}
,{"stream_name":"stdout","time":6503.627223392,"data":"  Shape: (350425, 914)\n"}
,{"stream_name":"stdout","time":6503.62730047,"data":"  Columns: ['Unnamed: 0', 'observationID', 'Bio-pr_01_2000', 'Bio-tas_01_2000', 'Bio-tasmax_01_2000', 'Bio-tasmin_01_2000', 'Bio-pr_02_2000', 'Bio-tas_02_2000', 'Bio-tasmax_02_2000', 'Bio-tasmin_02_2000', 'Bio-pr_03_2000', 'Bio-tas_03_2000', 'Bio-tasmax_03_2000', 'Bio-tasmin_03_2000', 'Bio-pr_04_2000', 'Bio-tas_04_2000', 'Bio-tasmax_04_2000', 'Bio-tasmin_04_2000', 'Bio-pr_05_2000', 'Bio-tas_05_2000', 'Bio-tasmax_05_2000', 'Bio-tasmin_05_2000', 'Bio-pr_06_2000', 'Bio-tas_06_2000', 'Bio-tasmax_06_2000', 'Bio-tasmin_06_2000', 'Bio-pr_07_2000', 'Bio-tas_07_2000', 'Bio-tasmax_07_2000', 'Bio-tasmin_07_2000', 'Bio-pr_08_2000', 'Bio-tas_08_2000', 'Bio-tasmax_08_2000', 'Bio-tasmin_08_2000', 'Bio-pr_09_2000', 'Bio-tas_09_2000', 'Bio-tasmax_09_2000', 'Bio-tasmin_09_2000', 'Bio-pr_10_2000', 'Bio-tas_10_2000', 'Bio-tasmax_10_2000', 'Bio-tasmin_10_2000', 'Bio-pr_11_2000', 'Bio-tas_11_2000', 'Bio-tasmax_11_2000', 'Bio-tasmin_11_2000', 'Bio-pr_12_2000', 'Bio-tas_12_2000', 'Bio-tasmax_12_2000', 'Bio-tasmin_12_2000', 'Bio-pr_01_2001', 'Bio-tas_01_2001', 'Bio-tasmax_01_2001', 'Bio-tasmin_01_2001', 'Bio-pr_02_2001', 'Bio-tas_02_2001', 'Bio-tasmax_02_2001', 'Bio-tasmin_02_2001', 'Bio-pr_03_2001', 'Bio-tas_03_2001', 'Bio-tasmax_03_2001', 'Bio-tasmin_03_2001', 'Bio-pr_04_2001', 'Bio-tas_04_2001', 'Bio-tasmax_04_2001', 'Bio-tasmin_04_2001', 'Bio-pr_05_2001', 'Bio-tas_05_2001', 'Bio-tasmax_05_2001', 'Bio-tasmin_05_2001', 'Bio-pr_06_2001', 'Bio-tas_06_2001', 'Bio-tasmax_06_2001', 'Bio-tasmin_06_2001', 'Bio-pr_07_2001', 'Bio-tas_07_2001', 'Bio-tasmax_07_2001', 'Bio-tasmin_07_2001', 'Bio-pr_08_2001', 'Bio-tas_08_2001', 'Bio-tasmax_08_2001', 'Bio-tasmin_08_2001', 'Bio-pr_09_2001', 'Bio-tas_09_2001', 'Bio-tasmax_09_2001', 'Bio-tasmin_09_2001', 'Bio-pr_10_2001', 'Bio-tas_10_2001', 'Bio-tasmax_10_2001', 'Bio-tasmin_10_2001', 'Bio-pr_11_2001', 'Bio-tas_11_2001', 'Bio-tasmax_11_2001', 'Bio-tasmin_11_2001', 'Bio-pr_12_2001', 'Bio-tas_12_2001', 'Bio-tasmax_12_2001', 'Bio-tasmin_12_2001', 'Bio-pr_01_2002', 'Bio-tas_01_2002', 'Bio-tasmax_01_2002', 'Bio-tasmin_01_2002', 'Bio-pr_02_2002', 'Bio-tas_02_2002', 'Bio-tasmax_02_2002', 'Bio-tasmin_02_2002', 'Bio-pr_03_2002', 'Bio-tas_03_2002', 'Bio-tasmax_03_2002', 'Bio-tasmin_03_2002', 'Bio-pr_04_2002', 'Bio-tas_04_2002', 'Bio-tasmax_04_2002', 'Bio-tasmin_04_2002', 'Bio-pr_05_2002', 'Bio-tas_05_2002', 'Bio-tasmax_05_2002', 'Bio-tasmin_05_2002', 'Bio-pr_06_2002', 'Bio-tas_06_2002', 'Bio-tasmax_06_2002', 'Bio-tasmin_06_2002', 'Bio-pr_07_2002', 'Bio-tas_07_2002', 'Bio-tasmax_07_2002', 'Bio-tasmin_07_2002', 'Bio-pr_08_2002', 'Bio-tas_08_2002', 'Bio-tasmax_08_2002', 'Bio-tasmin_08_2002', 'Bio-pr_09_2002', 'Bio-tas_09_2002', 'Bio-tasmax_09_2002', 'Bio-tasmin_09_2002', 'Bio-pr_10_2002', 'Bio-tas_10_2002', 'Bio-tasmax_10_2002', 'Bio-tasmin_10_2002', 'Bio-pr_11_2002', 'Bio-tas_11_2002', 'Bio-tasmax_11_2002', 'Bio-tasmin_11_2002', 'Bio-pr_12_2002', 'Bio-tas_12_2002', 'Bio-tasmax_12_2002', 'Bio-tasmin_12_2002', 'Bio-pr_01_2003', 'Bio-tas_01_2003', 'Bio-tasmax_01_2003', 'Bio-tasmin_01_2003', 'Bio-pr_02_2003', 'Bio-tas_02_2003', 'Bio-tasmax_02_2003', 'Bio-tasmin_02_2003', 'Bio-pr_03_2003', 'Bio-tas_03_2003', 'Bio-tasmax_03_2003', 'Bio-tasmin_03_2003', 'Bio-pr_04_2003', 'Bio-tas_04_2003', 'Bio-tasmax_04_2003', 'Bio-tasmin_04_2003', 'Bio-pr_05_2003', 'Bio-tas_05_2003', 'Bio-tasmax_05_2003', 'Bio-tasmin_05_2003', 'Bio-pr_06_2003', 'Bio-tas_06_2003', 'Bio-tasmax_06_2003', 'Bio-tasmin_06_2003', 'Bio-pr_07_2003', 'Bio-tas_07_2003', 'Bio-tasmax_07_2003', 'Bio-tasmin_07_2003', 'Bio-pr_08_2003', 'Bio-tas_08_2003', 'Bio-tasmax_08_2003', 'Bio-tasmin_08_2003', 'Bio-pr_09_2003', 'Bio-tas_09_2003', 'Bio-tasmax_09_2003', 'Bio-tasmin_09_2003', 'Bio-pr_10_2003', 'Bio-tas_10_2003', 'Bio-tasmax_10_2003', 'Bio-tasmin_10_2003', 'Bio-pr_11_2003', 'Bio-tas_11_2003', 'Bio-tasmax_11_2003', 'Bio-tasmin_11_2003', 'Bio-pr_12_2003', 'Bio-tas_12_2003', 'Bio-tasmax_12_2003', 'Bio-tasmin_12_2003', 'Bio-pr_01_2004', 'Bio-tas_01_2004', 'Bio-tasmax_01_2004', 'Bio-tasmin_01_2004', 'Bio-pr_02_2004', 'Bio-tas_02_2004', 'Bio-tasmax_02_2004', 'Bio-tasmin_02_2004', 'Bio-pr_03_2004', 'Bio-tas_03_2004', 'Bio-tasmax_03_2004', 'Bio-tasmin_03_2004', 'Bio-pr_04_2004', 'Bio-tas_04_2004', 'Bio-tasmax_04_2004', 'Bio-tasmin_04_2004', 'Bio-pr_05_2004', 'Bio-tas_05_2004', 'Bio-tasmax_05_2004', 'Bio-tasmin_05_2004', 'Bio-pr_06_2004', 'Bio-tas_06_2004', 'Bio-tasmax_06_2004', 'Bio-tasmin_06_2004', 'Bio-pr_07_2004', 'Bio-tas_07_2004', 'Bio-tasmax_07_2004', 'Bio-tasmin_07_2004', 'Bio-pr_08_2004', 'Bio-tas_08_2004', 'Bio-tasmax_08_2004', 'Bio-tasmin_08_2004', 'Bio-pr_09_2004', 'Bio-tas_09_2004', 'Bio-tasmax_09_2004', 'Bio-tasmin_09_2004', 'Bio-pr_10_2004', 'Bio-tas_10_2004', 'Bio-tasmax_10_2004', 'Bio-tasmin_10_2004', 'Bio-pr_11_2004', 'Bio-tas_11_2004', 'Bio-tasmax_11_2004', 'Bio-tasmin_11_2004', 'Bio-pr_12_2004', 'Bio-tas_12_2004', 'Bio-tasmax_12_2004', 'Bio-tasmin_12_2004', 'Bio-pr_01_2005', 'Bio-tas_01_2005', 'Bio-tasmax_01_2005', 'Bio-tasmin_01_2005', 'Bio-pr_02_2005', 'Bio-tas_02_2005', 'Bio-tasmax_02_2005', 'Bio-tasmin_02_2005', 'Bio-pr_03_2005', 'Bio-tas_03_2005', 'Bio-tasmax_03_2005', 'Bio-tasmin_03_2005', 'Bio-pr_04_2005', 'Bio-tas_04_2005', 'Bio-tasmax_04_2005', 'Bio-tasmin_04_2005', 'Bio-pr_05_2005', 'Bio-tas_05_2005', 'Bio-tasmax_05_2005', 'Bio-tasmin_05_2005', 'Bio-pr_06_2005', 'Bio-tas_06_2005', 'Bio-tasmax_06_2005', 'Bio-tasmin_06_2005', 'Bio-pr_07_2005', 'Bio-tas_07_2005', 'Bio-tasmax_07_2005', 'Bio-tasmin_07_2005', 'Bio-pr_08_2005', 'Bio-tas_08_2005', 'Bio-tasmax_08_2005', 'Bio-tasmin_08_2005', 'Bio-pr_09_2005', 'Bio-tas_09_2005', 'Bio-tasmax_09_2005', 'Bio-tasmin_09_2005', 'Bio-pr_10_2005', 'Bio-tas_10_2005', 'Bio-tasmax_10_2005', 'Bio-tasmin_10_2005', 'Bio-pr_11_2005', 'Bio-tas_11_2005', 'Bio-tasmax_11_2005', 'Bio-tasmin_11_2005', 'Bio-pr_12_2005', 'Bio-tas_12_2005', 'Bio-tasmax_12_2005', 'Bio-tasmin_12_2005', 'Bio-pr_01_2006', 'Bio-tas_01_2006', 'Bio-tasmax_01_2006', 'Bio-tasmin_01_2006', 'Bio-pr_02_2006', 'Bio-tas_02_2006', 'Bio-tasmax_02_2006', 'Bio-tasmin_02_2006', 'Bio-pr_03_2006', 'Bio-tas_03_2006', 'Bio-tasmax_03_2006', 'Bio-tasmin_03_2006', 'Bio-pr_04_2006', 'Bio-tas_04_2006', 'Bio-tasmax_04_2006', 'Bio-tasmin_04_2006', 'Bio-pr_05_2006', 'Bio-tas_05_2006', 'Bio-tasmax_05_2006', 'Bio-tasmin_05_2006', 'Bio-pr_06_2006', 'Bio-tas_06_2006', 'Bio-tasmax_06_2006', 'Bio-tasmin_06_2006', 'Bio-pr_07_2006', 'Bio-tas_07_2006', 'Bio-tasmax_07_2006', 'Bio-tasmin_07_2006', 'Bio-pr_08_2006', 'Bio-tas_08_2006', 'Bio-tasmax_08_2006', 'Bio-tasmin_08_2006', 'Bio-pr_09_2006', 'Bio-tas_09_2006', 'Bio-tasmax_09_2006', 'Bio-tasmin_09_2006', 'Bio-pr_10_2006', 'Bio-tas_10_2006', 'Bio-tasmax_10_2006', 'Bio-tasmin_10_2006', 'Bio-pr_11_2006', 'Bio-tas_11_2006', 'Bio-tasmax_11_2006', 'Bio-tasmin_11_2006', 'Bio-pr_12_2006', 'Bio-tas_12_2006', 'Bio-tasmax_12_2006', 'Bio-tasmin_12_2006', 'Bio-pr_01_2007', 'Bio-tas_01_2007', 'Bio-tasmax_01_2007', 'Bio-tasmin_01_2007', 'Bio-pr_02_2007', 'Bio-tas_02_2007', 'Bio-tasmax_02_2007', 'Bio-tasmin_02_2007', 'Bio-pr_03_2007', 'Bio-tas_03_2007', 'Bio-tasmax_03_2007', 'Bio-tasmin_03_2007', 'Bio-pr_04_2007', 'Bio-tas_04_2007', 'Bio-tasmax_04_2007', 'Bio-tasmin_04_2007', 'Bio-pr_05_2007', 'Bio-tas_05_2007', 'Bio-tasmax_05_2007', 'Bio-tasmin_05_2007', 'Bio-pr_06_2007', 'Bio-tas_06_2007', 'Bio-tasmax_06_2007', 'Bio-tasmin_06_2007', 'Bio-pr_07_2007', 'Bio-tas_07_2007', 'Bio-tasmax_07_2007', 'Bio-tasmin_07_2007', 'Bio-pr_08_2007', 'Bio-tas_08_2007', 'Bio-tasmax_08_2007', 'Bio-tasmin_08_2007', 'Bio-pr_09_2007', 'Bio-tas_09_2007', 'Bio-tasmax_09_2007', 'Bio-tasmin_09_2007', 'Bio-pr_10_2007', 'Bio-tas_10_2007', 'Bio-tasmax_10_2007', 'Bio-tasmin_10_2007', 'Bio-pr_11_2007', 'Bio-tas_11_2007', 'Bio-tasmax_11_2007', 'Bio-tasmin_11_2007', 'Bio-pr_12_2007', 'Bio-tas_12_2007', 'Bio-tasmax_12_2007', 'Bio-tasmin_12_2007', 'Bio-pr_01_2008', 'Bio-tas_01_2008', 'Bio-tasmax_01_2008', 'Bio-tasmin_01_2008', 'Bio-pr_02_2008', 'Bio-tas_02_2008', 'Bio-tasmax_02_2008', 'Bio-tasmin_02_2008', 'Bio-pr_03_2008', 'Bio-tas_03_2008', 'Bio-tasmax_03_2008', 'Bio-tasmin_03_2008', 'Bio-pr_04_2008', 'Bio-tas_04_2008', 'Bio-tasmax_04_2008', 'Bio-tasmin_04_2008', 'Bio-pr_05_2008', 'Bio-tas_05_2008', 'Bio-tasmax_05_2008', 'Bio-tasmin_05_2008', 'Bio-pr_06_2008', 'Bio-tas_06_2008', 'Bio-tasmax_06_2008', 'Bio-tasmin_06_2008', 'Bio-pr_07_2008', 'Bio-tas_07_2008', 'Bio-tasmax_07_2008', 'Bio-tasmin_07_2008', 'Bio-pr_08_2008', 'Bio-tas_08_2008', 'Bio-tasmax_08_2008', 'Bio-tasmin_08_2008', 'Bio-pr_09_2008', 'Bio-tas_09_2008', 'Bio-tasmax_09_2008', 'Bio-tasmin_09_2008', 'Bio-pr_10_2008', 'Bio-tas_10_2008', 'Bio-tasmax_10_2008', 'Bio-tasmin_10_2008', 'Bio-pr_11_2008', 'Bio-tas_11_2008', 'Bio-tasmax_11_2008', 'Bio-tasmin_11_2008', 'Bio-pr_12_2008', 'Bio-tas_12_2008', 'Bio-tasmax_12_2008', 'Bio-tasmin_12_2008', 'Bio-pr_01_2009', 'Bio-tas_01_2009', 'Bio-tasmax_01_2009', 'Bio-tasmin_01_2009', 'Bio-pr_02_2009', 'Bio-tas_02_2009', 'Bio-tasmax_02_2009', 'Bio-tasmin_02_2009', 'Bio-pr_03_2009', 'Bio-tas_03_2009', 'Bio-tasmax_03_2009', 'Bio-tasmin_03_2009', 'Bio-pr_04_2009', 'Bio-tas_04_2009', 'Bio-tasmax_04_2009', 'Bio-tasmin_04_2009', 'Bio-pr_05_2009', 'Bio-tas_05_2009', 'Bio-tasmax_05_2009', 'Bio-tasmin_05_2009', 'Bio-pr_06_2009', 'Bio-tas_06_2009', 'Bio-tasmax_06_2009', 'Bio-tasmin_06_2009', 'Bio-pr_07_2009', 'Bio-tas_07_2009', 'Bio-tasmax_07_2009', 'Bio-tasmin_07_2009', 'Bio-pr_08_2009', 'Bio-tas_08_2009', 'Bio-tasmax_08_2009', 'Bio-tasmin_08_2009', 'Bio-pr_09_2009', 'Bio-tas_09_2009', 'Bio-tasmax_09_2009', 'Bio-tasmin_09_2009', 'Bio-pr_10_2009', 'Bio-tas_10_2009', 'Bio-tasmax_10_2009', 'Bio-tasmin_10_2009', 'Bio-pr_11_2009', 'Bio-tas_11_2009', 'Bio-tasmax_11_2009', 'Bio-tasmin_11_2009', 'Bio-pr_12_2009', 'Bio-tas_12_2009', 'Bio-tasmax_12_2009', 'Bio-tasmin_12_2009', 'Bio-pr_01_2010', 'Bio-tas_01_2010', 'Bio-tasmax_01_2010', 'Bio-tasmin_01_2010', 'Bio-pr_02_2010', 'Bio-tas_02_2010', 'Bio-tasmax_02_2010', 'Bio-tasmin_02_2010', 'Bio-pr_03_2010', 'Bio-tas_03_2010', 'Bio-tasmax_03_2010', 'Bio-tasmin_03_2010', 'Bio-pr_04_2010', 'Bio-tas_04_2010', 'Bio-tasmax_04_2010', 'Bio-tasmin_04_2010', 'Bio-pr_05_2010', 'Bio-tas_05_2010', 'Bio-tasmax_05_2010', 'Bio-tasmin_05_2010', 'Bio-pr_06_2010', 'Bio-tas_06_2010', 'Bio-tasmax_06_2010', 'Bio-tasmin_06_2010', 'Bio-pr_07_2010', 'Bio-tas_07_2010', 'Bio-tasmax_07_2010', 'Bio-tasmin_07_2010', 'Bio-pr_08_2010', 'Bio-tas_08_2010', 'Bio-tasmax_08_2010', 'Bio-tasmin_08_2010', 'Bio-pr_09_2010', 'Bio-tas_09_2010', 'Bio-tasmax_09_2010', 'Bio-tasmin_09_2010', 'Bio-pr_10_2010', 'Bio-tas_10_2010', 'Bio-tasmax_10_2010', 'Bio-tasmin_10_2010', 'Bio-pr_11_2010', 'Bio-tas_11_2010', 'Bio-tasmax_11_2010', 'Bio-tasmin_11_2010', 'Bio-pr_12_2010', 'Bio-tas_12_2010', 'Bio-tasmax_12_2010', 'Bio-tasmin_12_2010', 'Bio-pr_01_2011', 'Bio-tas_01_2011', 'Bio-tasmax_01_2011', 'Bio-tasmin_01_2011', 'Bio-pr_02_2011', 'Bio-tas_02_2011', 'Bio-tasmax_02_2011', 'Bio-tasmin_02_2011', 'Bio-pr_03_2011', 'Bio-tas_03_2011', 'Bio-tasmax_03_2011', 'Bio-tasmin_03_2011', 'Bio-pr_04_2011', 'Bio-tas_04_2011', 'Bio-tasmax_04_2011', 'Bio-tasmin_04_2011', 'Bio-pr_05_2011', 'Bio-tas_05_2011', 'Bio-tasmax_05_2011', 'Bio-tasmin_05_2011', 'Bio-pr_06_2011', 'Bio-tas_06_2011', 'Bio-tasmax_06_2011', 'Bio-tasmin_06_2011', 'Bio-pr_07_2011', 'Bio-tas_07_2011', 'Bio-tasmax_07_2011', 'Bio-tasmin_07_2011', 'Bio-pr_08_2011', 'Bio-tas_08_2011', 'Bio-tasmax_08_2011', 'Bio-tasmin_08_2011', 'Bio-pr_09_2011', 'Bio-tas_09_2011', 'Bio-tasmax_09_2011', 'Bio-tasmin_09_2011', 'Bio-pr_10_2011', 'Bio-tas_10_2011', 'Bio-tasmax_10_2011', 'Bio-tasmin_10_2011', 'Bio-pr_11_2011', 'Bio-tas_11_2011', 'Bio-tasmax_11_2011', 'Bio-tasmin_11_2011', 'Bio-pr_12_2011', 'Bio-tas_12_2011', 'Bio-tasmax_12_2011', 'Bio-tasmin_12_2011', 'Bio-pr_01_2012', 'Bio-tas_01_2012', 'Bio-tasmax_01_2012', 'Bio-tasmin_01_2012', 'Bio-pr_02_2012', 'Bio-tas_02_2012', 'Bio-tasmax_02_2012', 'Bio-tasmin_02_2012', 'Bio-pr_03_2012', 'Bio-tas_03_2012', 'Bio-tasmax_03_2012', 'Bio-tasmin_03_2012', 'Bio-pr_04_2012', 'Bio-tas_04_2012', 'Bio-tasmax_04_2012', 'Bio-tasmin_04_2012', 'Bio-pr_05_2012', 'Bio-tas_05_2012', 'Bio-tasmax_05_2012', 'Bio-tasmin_05_2012', 'Bio-pr_06_2012', 'Bio-tas_06_2012', 'Bio-tasmax_06_2012', 'Bio-tasmin_06_2012', 'Bio-pr_07_2012', 'Bio-tas_07_2012', 'Bio-tasmax_07_2012', 'Bio-tasmin_07_2012', 'Bio-pr_08_2012', 'Bio-tas_08_2012', 'Bio-tasmax_08_2012', 'Bio-tasmin_08_2012', 'Bio-pr_09_2012', 'Bio-tas_09_2012', 'Bio-tasmax_09_2012', 'Bio-tasmin_09_2012', 'Bio-pr_10_2012', 'Bio-tas_10_2012', 'Bio-tasmax_10_2012', 'Bio-tasmin_10_2012', 'Bio-pr_11_2012', 'Bio-tas_11_2012', 'Bio-tasmax_11_2012', 'Bio-tasmin_11_2012', 'Bio-pr_12_2012', 'Bio-tas_12_2012', 'Bio-tasmax_12_2012', 'Bio-tasmin_12_2012', 'Bio-pr_01_2013', 'Bio-tas_01_2013', 'Bio-tasmax_01_2013', 'Bio-tasmin_01_2013', 'Bio-pr_02_2013', 'Bio-tas_02_2013', 'Bio-tasmax_02_2013', 'Bio-tasmin_02_2013', 'Bio-pr_03_2013', 'Bio-tas_03_2013', 'Bio-tasmax_03_2013', 'Bio-tasmin_03_2013', 'Bio-pr_04_2013', 'Bio-tas_04_2013', 'Bio-tasmax_04_2013', 'Bio-tasmin_04_2013', 'Bio-pr_05_2013', 'Bio-tas_05_2013', 'Bio-tasmax_05_2013', 'Bio-tasmin_05_2013', 'Bio-pr_06_2013', 'Bio-tas_06_2013', 'Bio-tasmax_06_2013', 'Bio-tasmin_06_2013', 'Bio-pr_07_2013', 'Bio-tas_07_2013', 'Bio-tasmax_07_2013', 'Bio-tasmin_07_2013', 'Bio-pr_08_2013', 'Bio-tas_08_2013', 'Bio-tasmax_08_2013', 'Bio-tasmin_08_2013', 'Bio-pr_09_2013', 'Bio-tas_09_2013', 'Bio-tasmax_09_2013', 'Bio-tasmin_09_2013', 'Bio-pr_10_2013', 'Bio-tas_10_2013', 'Bio-tasmax_10_2013', 'Bio-tasmin_10_2013', 'Bio-pr_11_2013', 'Bio-tas_11_2013', 'Bio-tasmax_11_2013', 'Bio-tasmin_11_2013', 'Bio-pr_12_2013', 'Bio-tas_12_2013', 'Bio-tasmax_12_2013', 'Bio-tasmin_12_2013', 'Bio-pr_01_2014', 'Bio-tas_01_2014', 'Bio-tasmax_01_2014', 'Bio-tasmin_01_2014', 'Bio-pr_02_2014', 'Bio-tas_02_2014', 'Bio-tasmax_02_2014', 'Bio-tasmin_02_2014', 'Bio-pr_03_2014', 'Bio-tas_03_2014', 'Bio-tasmax_03_2014', 'Bio-tasmin_03_2014', 'Bio-pr_04_2014', 'Bio-tas_04_2014', 'Bio-tasmax_04_2014', 'Bio-tasmin_04_2014', 'Bio-pr_05_2014', 'Bio-tas_05_2014', 'Bio-tasmax_05_2014', 'Bio-tasmin_05_2014', 'Bio-pr_06_2014', 'Bio-tas_06_2014', 'Bio-tasmax_06_2014', 'Bio-tasmin_06_2014', 'Bio-pr_07_2014', 'Bio-tas_07_2014', 'Bio-tasmax_07_2014', 'Bio-tasmin_07_2014', 'Bio-pr_08_2014', 'Bio-tas_08_2014', 'Bio-tasmax_08_2014', 'Bio-tasmin_08_2014', 'Bio-pr_09_2014', 'Bio-tas_09_2014', 'Bio-tasmax_09_2014', 'Bio-tasmin_09_2014', 'Bio-pr_10_2014', 'Bio-tas_10_2014', 'Bio-tasmax_10_2014', 'Bio-tasmin_10_2014', 'Bio-pr_11_2014', 'Bio-tas_11_2014', 'Bio-tasmax_11_2014', 'Bio-tasmin_11_2014', 'Bio-pr_12_2014', 'Bio-tas_12_2014', 'Bio-tasmax_12_2014', 'Bio-tasmin_12_2014', 'Bio-pr_01_2015', 'Bio-tas_01_2015', 'Bio-tasmax_01_2015', 'Bio-tasmin_01_2015', 'Bio-pr_02_2015', 'Bio-tas_02_2015', 'Bio-tasmax_02_2015', 'Bio-tasmin_02_2015', 'Bio-pr_03_2015', 'Bio-tas_03_2015', 'Bio-tasmax_03_2015', 'Bio-tasmin_03_2015', 'Bio-pr_04_2015', 'Bio-tas_04_2015', 'Bio-tasmax_04_2015', 'Bio-tasmin_04_2015', 'Bio-pr_05_2015', 'Bio-tas_05_2015', 'Bio-tasmax_05_2015', 'Bio-tasmin_05_2015', 'Bio-pr_06_2015', 'Bio-tas_06_2015', 'Bio-tasmax_06_2015', 'Bio-tasmin_06_2015', 'Bio-pr_07_2015', 'Bio-tas_07_2015', 'Bio-tasmax_07_2015', 'Bio-tasmin_07_2015', 'Bio-pr_08_2015', 'Bio-tas_08_2015', 'Bio-tasmax_08_2015', 'Bio-tasmin_08_2015', 'Bio-pr_09_2015', 'Bio-tas_09_2015', 'Bio-tasmax_09_2015', 'Bio-tasmin_09_2015', 'Bio-pr_10_2015', 'Bio-tas_10_2015', 'Bio-tasmax_10_2015', 'Bio-tasmin_10_2015', 'Bio-pr_11_2015', 'Bio-tas_11_2015', 'Bio-tasmax_11_2015', 'Bio-tasmin_11_2015', 'Bio-pr_12_2015', 'Bio-tas_12_2015', 'Bio-tasmax_12_2015', 'Bio-tasmin_12_2015', 'Bio-pr_01_2016', 'Bio-tas_01_2016', 'Bio-tasmax_01_2016', 'Bio-tasmin_01_2016', 'Bio-pr_02_2016', 'Bio-tas_02_2016', 'Bio-tasmax_02_2016', 'Bio-tasmin_02_2016', 'Bio-pr_03_2016', 'Bio-tas_03_2016', 'Bio-tasmax_03_2016', 'Bio-tasmin_03_2016', 'Bio-pr_04_2016', 'Bio-tas_04_2016', 'Bio-tasmax_04_2016', 'Bio-tasmin_04_2016', 'Bio-pr_05_2016', 'Bio-tas_05_2016', 'Bio-tasmax_05_2016', 'Bio-tasmin_05_2016', 'Bio-pr_06_2016', 'Bio-tas_06_2016', 'Bio-tasmax_06_2016', 'Bio-tasmin_06_2016', 'Bio-pr_07_2016', 'Bio-tas_07_2016', 'Bio-tasmax_07_2016', 'Bio-tasmin_07_2016', 'Bio-pr_08_2016', 'Bio-tas_08_2016', 'Bio-tasmax_08_2016', 'Bio-tasmin_08_2016', 'Bio-pr_09_2016', 'Bio-tas_09_2016', 'Bio-tasmax_09_2016', 'Bio-tasmin_09_2016', 'Bio-pr_10_2016', 'Bio-tas_10_2016', 'Bio-tasmax_10_2016', 'Bio-tasmin_10_2016', 'Bio-pr_11_2016', 'Bio-tas_11_2016', 'Bio-tasmax_11_2016', 'Bio-tasmin_11_2016', 'Bio-pr_12_2016', 'Bio-tas_12_2016', 'Bio-tasmax_12_2016', 'Bio-tasmin_12_2016', 'Bio-pr_01_2017', 'Bio-tas_01_2017', 'Bio-tasmax_01_2017', 'Bio-tasmin_01_2017', 'Bio-pr_02_2017', 'Bio-tas_02_2017', 'Bio-tasmax_02_2017', 'Bio-tasmin_02_2017', 'Bio-pr_03_2017', 'Bio-tas_03_2017', 'Bio-tasmax_03_2017', 'Bio-tasmin_03_2017', 'Bio-pr_04_2017', 'Bio-tas_04_2017', 'Bio-tasmax_04_2017', 'Bio-tasmin_04_2017', 'Bio-pr_05_2017', 'Bio-tas_05_2017', 'Bio-tasmax_05_2017', 'Bio-tasmin_05_2017', 'Bio-pr_06_2017', 'Bio-tas_06_2017', 'Bio-tasmax_06_2017', 'Bio-tasmin_06_2017', 'Bio-pr_07_2017', 'Bio-tas_07_2017', 'Bio-tasmax_07_2017', 'Bio-tasmin_07_2017', 'Bio-pr_08_2017', 'Bio-tas_08_2017', 'Bio-tasmax_08_2017', 'Bio-tasmin_08_2017', 'Bio-pr_09_2017', 'Bio-tas_09_2017', 'Bio-tasmax_09_2017', 'Bio-tasmin_09_2017', 'Bio-pr_10_2017', 'Bio-tas_10_2017', 'Bio-tasmax_10_2017', 'Bio-tasmin_10_2017', 'Bio-pr_11_2017', 'Bio-tas_11_2017', 'Bio-tasmax_11_2017', 'Bio-tasmin_11_2017', 'Bio-pr_12_2017', 'Bio-tas_12_2017', 'Bio-tasmax_12_2017', 'Bio-tasmin_12_2017', 'Bio-pr_01_2018', 'Bio-tas_01_2018', 'Bio-tasmax_01_2018', 'Bio-tasmin_01_2018', 'Bio-pr_02_2018', 'Bio-tas_02_2018', 'Bio-tasmax_02_2018', 'Bio-tasmin_02_2018', 'Bio-pr_03_2018', 'Bio-tas_03_2018', 'Bio-tasmax_03_2018', 'Bio-tasmin_03_2018', 'Bio-pr_04_2018', 'Bio-tas_04_2018', 'Bio-tasmax_04_2018', 'Bio-tasmin_04_2018', 'Bio-pr_05_2018', 'Bio-tas_05_2018', 'Bio-tasmax_05_2018', 'Bio-tasmin_05_2018', 'Bio-pr_06_2018', 'Bio-tas_06_2018', 'Bio-tasmax_06_2018', 'Bio-tasmin_06_2018', 'Bio-pr_07_2018', 'Bio-tas_07_2018', 'Bio-tasmax_07_2018', 'Bio-tasmin_07_2018', 'Bio-pr_08_2018', 'Bio-tas_08_2018', 'Bio-tasmax_08_2018', 'Bio-tasmin_08_2018', 'Bio-pr_09_2018', 'Bio-tas_09_2018', 'Bio-tasmax_09_2018', 'Bio-tasmin_09_2018', 'Bio-pr_10_2018', 'Bio-tas_10_2018', 'Bio-tasmax_10_2018', 'Bio-tasmin_10_2018', 'Bio-pr_11_2018', 'Bio-tas_11_2018', 'Bio-tasmax_11_2018', 'Bio-tasmin_11_2018', 'Bio-pr_12_2018', 'Bio-tas_12_2018', 'Bio-tasmax_12_2018', 'Bio-tasmin_12_2018']\n"}
,{"stream_name":"stdout","time":6503.627429236,"data":"\n"}
,{"stream_name":"stdout","time":6503.627447152,"data":"Total images: 350425\n"}
,{"stream_name":"stdout","time":6514.58188907,"data":"After filtering (min 3 obs/species): 350425 images, 1 species\n"}
,{"stream_name":"stdout","time":6514.581965414,"data":"Unique observations: 350425\n"}
,{"stream_name":"stdout","time":7056.681730791,"data":"View type distribution:\n"}
,{"stream_name":"stdout","time":7056.681816973,"data":"view_type\n"}
,{"stream_name":"stdout","time":7056.68182744,"data":"gills    350425\n"}
,{"stream_name":"stdout","time":7056.681833126,"data":"Name: count, dtype: int64\n"}
,{"stream_name":"stdout","time":7056.874223493,"data":"Valid observations: 350425 | Valid species: 1\n"}
,{"stream_name":"stdout","time":7059.753235853,"data":"Split: train=245297 obs (245297 imgs) | val=52564 obs (52564 imgs) | test=52564 obs (52564 imgs)\n"}
,{"stream_name":"stdout","time":7220.594643481,"data":"Observations: train=245297 | val=52564 | test=52564\n"}
,{"stream_name":"stdout","time":7220.594684987,"data":"Classes: 1\n"}
,{"stream_name":"stdout","time":7220.622151142,"data":"MultiViewDataset defined.\n"}
,{"stream_name":"stdout","time":7220.644623067,"data":"LoRAAdapter defined (rank=16).\n"}
,{"stream_name":"stdout","time":7220.670259031,"data":"ViewConditionedBackbone defined.\n"}
,{"stream_name":"stdout","time":7220.69443347,"data":"MetadataEncoder defined.\n"}
,{"stream_name":"stdout","time":7220.72128458,"data":"AttentionFusion defined.\n"}
,{"stream_name":"stdout","time":7220.746621594,"data":"ArcFaceHead, CenterLoss, TemperatureScaler defined.\n"}
,{"stream_name":"stdout","time":7220.772022899,"data":"MultiViewModel defined.\n"}
,{"stream_name":"stdout","time":7220.972342293,"data":"Metadata vocab sizes: {'habitat': 2, 'substrate': 2, 'smell': 2, 'country': 2}\n"}
,{"stream_name":"stdout","time":7220.972398157,"data":"Testing model forward pass...\n"}
,{"stream_name":"stderr","time":7222.525101702,"data":"Warning: You are sending unauthenticated requests to the HF Hub. Please set a HF_TOKEN to enable higher rate limits and faster downloads.\n"}
,{"stream_name":"stderr","time":7222.525131822,"data":"\n"}
,{"stream_name":"stderr","time":7222.525138909,"data":"Warning: You are sending unauthenticated requests to the HF Hub. Please set a HF_TOKEN to enable higher rate limits and faster downloads.\n"}
,{"stream_name":"stderr","time":7230.425486874,"data":"Traceback (most recent call last):\n"}
,{"stream_name":"stderr","time":7230.425543631,"data":"  File \"\u003cstring\u003e\", line 1, in \u003cmodule\u003e\n"}
,{"stream_name":"stderr","time":7230.425550195,"data":"  File \"/usr/local/lib/python3.12/dist-packages/papermill/execute.py\", line 131, in execute_notebook\n"}
,{"stream_name":"stderr","time":7230.426631422,"data":"    raise_for_execution_errors(nb, output_path)\n"}
,{"stream_name":"stderr","time":7230.426648006,"data":"  File \"/usr/local/lib/python3.12/dist-packages/papermill/execute.py\", line 251, in raise_for_execution_errors\n"}
,{"stream_name":"stderr","time":7230.426912983,"data":"    raise error\n"}
,{"stream_name":"stderr","time":7230.427463297,"data":"papermill.exceptions.PapermillExecutionError: \n"}
,{"stream_name":"stderr","time":7230.4274822,"data":"---------------------------------------------------------------------------\n"}
,{"stream_name":"stderr","time":7230.427488225,"data":"Exception encountered at \"In [16]\":\n"}
,{"stream_name":"stderr","time":7230.427497192,"data":"---------------------------------------------------------------------------\n"}
,{"stream_name":"stderr","time":7230.427502104,"data":"RuntimeError                              Traceback (most recent call last)\n"}
,{"stream_name":"stderr","time":7230.427506057,"data":"/tmp/ipykernel_23/2107099312.py in \u003ccell line: 0\u003e()\n"}
,{"stream_name":"stderr","time":7230.42751005,"data":"     36 test_label = torch.tensor([0]).to(DEVICE)\n"}
,{"stream_name":"stderr","time":7230.427538934,"data":"     37 \n"}
,{"stream_name":"stderr","time":7230.427542077,"data":"---\u003e 38 test_logits, test_emb = test_model(test_images, test_view_idx, test_meta, test_label)\n"}
,{"stream_name":"stderr","time":7230.427545086,"data":"     39 print(f\"  Forward pass OK | logits: {test_logits.shape} | emb: {test_emb.shape}\")\n"}
,{"stream_name":"stderr","time":7230.427548163,"data":"     40 param_count = sum(p.numel() for p in test_model.parameters()) / 1e6\n"}
,{"stream_name":"stderr","time":7230.427551006,"data":"\n"}
,{"stream_name":"stderr","time":7230.427553751,"data":"/usr/local/lib/python3.12/dist-packages/torch/nn/modules/module.py in _wrapped_call_impl(self, *args, **kwargs)\n"}
,{"stream_name":"stderr","time":7230.427556714,"data":"   1734             return self._compiled_call_impl(*args, **kwargs)  # type: ignore[misc]\n"}
,{"stream_name":"stderr","time":7230.427559675,"data":"   1735         else:\n"}
,{"stream_name":"stderr","time":7230.427562437,"data":"-\u003e 1736             return self._call_impl(*args, **kwargs)\n"}
,{"stream_name":"stderr","time":7230.427565408,"data":"   1737 \n"}
,{"stream_name":"stderr","time":7230.427568116,"data":"   1738     # torchrec tests the code consistency with the following code\n"}
,{"stream_name":"stderr","time":7230.427570929,"data":"\n"}
,{"stream_name":"stderr","time":7230.427573757,"data":"/usr/local/lib/python3.12/dist-packages/torch/nn/modules/module.py in _call_impl(self, *args, **kwargs)\n"}
,{"stream_name":"stderr","time":7230.427576639,"data":"   1745                 or _global_backward_pre_hooks or _global_backward_hooks\n"}
,{"stream_name":"stderr","time":7230.427579464,"data":"   1746                 or _global_forward_hooks or _global_forward_pre_hooks):\n"}
,{"stream_name":"stderr","time":7230.427582296,"data":"-\u003e 1747             return forward_call(*args, **kwargs)\n"}
,{"stream_name":"stderr","time":7230.427585126,"data":"   1748 \n"}
,{"stream_name":"stderr","time":7230.427587781,"data":"   1749         result = None\n"}
,{"stream_name":"stderr","time":7230.427590726,"data":"\n"}
,{"stream_name":"stderr","time":7230.427593326,"data":"/tmp/ipykernel_23/1202225823.py in forward(self, images, view_idx, metadata_indices, labels)\n"}
,{"stream_name":"stderr","time":7230.42759657,"data":"     15 \n"}
,{"stream_name":"stderr","time":7230.427599468,"data":"     16     def forward(self, images, view_idx, metadata_indices, labels=None):\n"}
,{"stream_name":"stderr","time":7230.427602334,"data":"---\u003e 17         visual_emb = self.backbone(images, view_idx)\n"}
,{"stream_name":"stderr","time":7230.427605365,"data":"     18         metadata_emb = self.metadata_encoder(metadata_indices)\n"}
,{"stream_name":"stderr","time":7230.427608198,"data":"     19         obs_emb = self.fusion(visual_emb, metadata_emb)\n"}
,{"stream_name":"stderr","time":7230.427611005,"data":"\n"}
,{"stream_name":"stderr","time":7230.427613779,"data":"/usr/local/lib/python3.12/dist-packages/torch/nn/modules/module.py in _wrapped_call_impl(self, *args, **kwargs)\n"}
,{"stream_name":"stderr","time":7230.427616755,"data":"   1734             return self._compiled_call_impl(*args, **kwargs)  # type: ignore[misc]\n"}
,{"stream_name":"stderr","time":7230.427619861,"data":"   1735         else:\n"}
,{"stream_name":"stderr","time":7230.427623063,"data":"-\u003e 1736             return self._call_impl(*args, **kwargs)\n"}
,{"stream_name":"stderr","time":7230.427625966,"data":"   1737 \n"}
,{"stream_name":"stderr","time":7230.427628747,"data":"   1738     # torchrec tests the code consistency with the following code\n"}
,{"stream_name":"stderr","time":7230.427631672,"data":"\n"}
,{"stream_name":"stderr","time":7230.427634432,"data":"/usr/local/lib/python3.12/dist-packages/torch/nn/modules/module.py in _call_impl(self, *args, **kwargs)\n"}
,{"stream_name":"stderr","time":7230.427639957,"data":"   1745                 or _global_backward_pre_hooks or _global_backward_hooks\n"}
,{"stream_name":"stderr","time":7230.427642962,"data":"   1746                 or _global_forward_hooks or _global_forward_pre_hooks):\n"}
,{"stream_name":"stderr","time":7230.427645772,"data":"-\u003e 1747             return forward_call(*args, **kwargs)\n"}
,{"stream_name":"stderr","time":7230.427648561,"data":"   1748 \n"}
,{"stream_name":"stderr","time":7230.4276513,"data":"   1749         result = None\n"}
,{"stream_name":"stderr","time":7230.427654097,"data":"\n"}
,{"stream_name":"stderr","time":7230.427656797,"data":"/tmp/ipykernel_23/566514964.py in forward(self, images, view_idx)\n"}
,{"stream_name":"stderr","time":7230.427659569,"data":"     42             view_name = VIEW_TYPES[vi] if vi \u003c len(VIEW_TYPES) else 'front'\n"}
,{"stream_name":"stderr","time":7230.427662495,"data":"     43             adapter = self.adapters[view_name]\n"}
,{"stream_name":"stderr","time":7230.427665242,"data":"---\u003e 44             adapted[i] = adapter(features[i:i+1].T).T.squeeze(0)\n"}
,{"stream_name":"stderr","time":7230.427668138,"data":"     45 \n"}
,{"stream_name":"stderr","time":7230.427670766,"data":"     46         view_emb = self.view_embed(view_idx.clamp(0, len(VIEW_TYPES)-1))\n"}
,{"stream_name":"stderr","time":7230.427673624,"data":"\n"}
,{"stream_name":"stderr","time":7230.427676338,"data":"/usr/local/lib/python3.12/dist-packages/torch/nn/modules/module.py in _wrapped_call_impl(self, *args, **kwargs)\n"}
,{"stream_name":"stderr","time":7230.427679202,"data":"   1734             return self._compiled_call_impl(*args, **kwargs)  # type: ignore[misc]\n"}
,{"stream_name":"stderr","time":7230.427682072,"data":"   1735         else:\n"}
,{"stream_name":"stderr","time":7230.427684826,"data":"-\u003e 1736             return self._call_impl(*args, **kwargs)\n"}
,{"stream_name":"stderr","time":7230.427687634,"data":"   1737 \n"}
,{"stream_name":"stderr","time":7230.427690288,"data":"   1738     # torchrec tests the code consistency with the following code\n"}
,{"stream_name":"stderr","time":7230.427693091,"data":"\n"}
,{"stream_name":"stderr","time":7230.427695703,"data":"/usr/local/lib/python3.12/dist-packages/torch/nn/modules/module.py in _call_impl(self, *args, **kwargs)\n"}
,{"stream_name":"stderr","time":7230.427698558,"data":"   1745                 or _global_backward_pre_hooks or _global_backward_hooks\n"}
,{"stream_name":"stderr","time":7230.427701377,"data":"   1746                 or _global_forward_hooks or _global_forward_pre_hooks):\n"}
,{"stream_name":"stderr","time":7230.427704184,"data":"-\u003e 1747             return forward_call(*args, **kwargs)\n"}
,{"stream_name":"stderr","time":7230.427707032,"data":"   1748 \n"}
,{"stream_name":"stderr","time":7230.427709681,"data":"   1749         result = None\n"}
,{"stream_name":"stderr","time":7230.427712415,"data":"\n"}
,{"stream_name":"stderr","time":7230.42771503,"data":"/tmp/ipykernel_23/389641000.py in forward(self, x)\n"}
,{"stream_name":"stderr","time":7230.427717797,"data":"     11 \n"}
,{"stream_name":"stderr","time":7230.427720497,"data":"     12     def forward(self, x):\n"}
,{"stream_name":"stderr","time":7230.427723243,"data":"---\u003e 13         return x + self.lora_B(self.lora_A(x)) * self.scaling\n"}
,{"stream_name":"stderr","time":7230.427726116,"data":"     14 \n"}
,{"stream_name":"stderr","time":7230.427728776,"data":"     15 \n"}
,{"stream_name":"stderr","time":7230.42773142,"data":"\n"}
,{"stream_name":"stderr","time":7230.427736421,"data":"/usr/local/lib/python3.12/dist-packages/torch/nn/modules/module.py in _wrapped_call_impl(self, *args, **kwargs)\n"}
,{"stream_name":"stderr","time":7230.427739395,"data":"   1734             return self._compiled_call_impl(*args, **kwargs)  # type: ignore[misc]\n"}
,{"stream_name":"stderr","time":7230.427742235,"data":"   1735         else:\n"}
,{"stream_name":"stderr","time":7230.427744944,"data":"-\u003e 1736             return self._call_impl(*args, **kwargs)\n"}
,{"stream_name":"stderr","time":7230.427748121,"data":"   1737 \n"}
,{"stream_name":"stderr","time":7230.427750837,"data":"   1738     # torchrec tests the code consistency with the following code\n"}
,{"stream_name":"stderr","time":7230.427753696,"data":"\n"}
,{"stream_name":"stderr","time":7230.427756437,"data":"/usr/local/lib/python3.12/dist-packages/torch/nn/modules/module.py in _call_impl(self, *args, **kwargs)\n"}
,{"stream_name":"stderr","time":7230.427759296,"data":"   1745                 or _global_backward_pre_hooks or _global_backward_hooks\n"}
,{"stream_name":"stderr","time":7230.427762678,"data":"   1746                 or _global_forward_hooks or _global_forward_pre_hooks):\n"}
,{"stream_name":"stderr","time":7230.427766823,"data":"-\u003e 1747             return forward_call(*args, **kwargs)\n"}
,{"stream_name":"stderr","time":7230.427770786,"data":"   1748 \n"}
,{"stream_name":"stderr","time":7230.427803113,"data":"   1749         result = None\n"}
,{"stream_name":"stderr","time":7230.427812138,"data":"\n"}
,{"stream_name":"stderr","time":7230.427819988,"data":"/usr/local/lib/python3.12/dist-packages/torch/nn/modules/linear.py in forward(self, input)\n"}
,{"stream_name":"stderr","time":7230.427823578,"data":"    123 \n"}
,{"stream_name":"stderr","time":7230.427826257,"data":"    124     def forward(self, input: Tensor) -\u003e Tensor:\n"}
,{"stream_name":"stderr","time":7230.427829192,"data":"--\u003e 125         return F.linear(input, self.weight, self.bias)\n"}
,{"stream_name":"stderr","time":7230.427832053,"data":"    126 \n"}
,{"stream_name":"stderr","time":7230.427834692,"data":"    127     def extra_repr(self) -\u003e str:\n"}
,{"stream_name":"stderr","time":7230.427837489,"data":"\n"}
,{"stream_name":"stderr","time":7230.427840115,"data":"RuntimeError: mat1 and mat2 shapes cannot be multiplied (1024x1 and 1024x16)\n"}
,{"stream_name":"stderr","time":7230.427843037,"data":"\n"}
,{"stream_name":"stderr","time":7233.53615573,"data":"/usr/local/lib/python3.12/dist-packages/mistune.py:435: SyntaxWarning: invalid escape sequence '\\|'\n"}
,{"stream_name":"stderr","time":7233.536194406,"data":"  cells[i][c] = re.sub('\\\\\\\\\\|', '|', cell)\n"}
,{"stream_name":"stderr","time":7233.734734183,"data":"/usr/local/lib/python3.12/dist-packages/nbconvert/filters/filter_links.py:36: SyntaxWarning: invalid escape sequence '\\_'\n"}
,{"stream_name":"stderr","time":7233.734761203,"data":"  text = re.sub(r'_', '\\_', text) # Escape underscores in display text\n"}
,{"stream_name":"stderr","time":7234.464226469,"data":"[NbConvertApp] Converting notebook __notebook__.ipynb to notebook\n"}
,{"stream_name":"stderr","time":7234.864004179,"data":"[NbConvertApp] Writing 120264 bytes to __notebook__.ipynb\n"}
,{"stream_name":"stderr","time":7237.899365723,"data":"[NbConvertApp] Converting notebook __notebook__.ipynb to html\n"}
,{"stream_name":"stderr","time":7239.184613584,"data":"[NbConvertApp] Writing 569371 bytes to __results__.html\n"}
]