[{"stream_name":"stderr","time":7.262926174,"data":"0.00s - Debugger warning: It seems that frozen modules are being used, which may\n"}
,{"stream_name":"stderr","time":7.263812404,"data":"0.00s - make the debugger miss breakpoints. Please pass -Xfrozen_modules=off\n"}
,{"stream_name":"stderr","time":7.263824512,"data":"0.00s - to python to disable frozen modules.\n"}
,{"stream_name":"stderr","time":7.263831933,"data":"0.00s - Note: Debugging will proceed. Set PYDEVD_DISABLE_FILE_VALIDATION=1 to disable this validation.\n"}
,{"stream_name":"stderr","time":7.860973897,"data":"0.00s - Debugger warning: It seems that frozen modules are being used, which may\n"}
,{"stream_name":"stderr","time":7.861010651,"data":"0.00s - make the debugger miss breakpoints. Please pass -Xfrozen_modules=off\n"}
,{"stream_name":"stderr","time":7.861019514,"data":"0.00s - to python to disable frozen modules.\n"}
,{"stream_name":"stderr","time":7.861022107,"data":"0.00s - Note: Debugging will proceed. Set PYDEVD_DISABLE_FILE_VALIDATION=1 to disable this validation.\n"}
,{"stream_name":"stdout","time":23.659881078,"data":"GPU detected but PyTorch CUDA kernels broken. Reinstalling...\n"}
,{"stream_name":"stdout","time":54.250971029,"data":"     ━━━━━━━━━━━━━━━━━━━━━━━━━━━━━━━━━━━━━━━ 780.4/780.4 MB 2.4 MB/s eta 0:00:00\n"}
,{"stream_name":"stdout","time":54.459760818,"data":"     ━━━━━━━━━━━━━━━━━━━━━━━━━━━━━━━━━━━━━━━ 780.4/780.4 MB 2.4 MB/s eta 0:00:00\n"}
,{"stream_name":"stdout","time":56.836870308,"data":"     ━━━━━━━━━━━━━━━━━━━━━━━━━━━━━━━━━━━━━━━━ 7.3/7.3 MB 95.2 MB/s eta 0:00:00\n"}
,{"stream_name":"stdout","time":57.039644939,"data":"     ━━━━━━━━━━━━━━━━━━━━━━━━━━━━━━━━━━━━━━━━ 7.3/7.3 MB 95.2 MB/s eta 0:00:00\n"}
,{"stream_name":"stdout","time":57.227037197,"data":"     ━━━━━━━━━━━━━━━━━━━━━━━━━━━━━━━━━━━━━━━━ 23.7/23.7 MB 70.7 MB/s eta 0:00:00\n"}
,{"stream_name":"stdout","time":57.428805929,"data":"     ━━━━━━━━━━━━━━━━━━━━━━━━━━━━━━━━━━━━━━━━ 23.7/23.7 MB 70.7 MB/s eta 0:00:00\n"}
,{"stream_name":"stdout","time":57.454557933,"data":"     ━━━━━━━━━━━━━━━━━━━━━━━━━━━━━━━━━━━━━━ 823.6/823.6 kB 46.4 MB/s eta 0:00:00\n"}
,{"stream_name":"stdout","time":57.656832214,"data":"     ━━━━━━━━━━━━━━━━━━━━━━━━━━━━━━━━━━━━━━ 823.6/823.6 kB 46.4 MB/s eta 0:00:00\n"}
,{"stream_name":"stdout","time":57.700377706,"data":"     ━━━━━━━━━━━━━━━━━━━━━━━━━━━━━━━━━━━━━━━━ 14.1/14.1 MB 99.3 MB/s eta 0:00:00\n"}
,{"stream_name":"stdout","time":57.901689466,"data":"     ━━━━━━━━━━━━━━━━━━━━━━━━━━━━━━━━━━━━━━━━ 14.1/14.1 MB 99.3 MB/s eta 0:00:00\n"}
,{"stream_name":"stdout","time":64.953446248,"data":"     ━━━━━━━━━━━━━━━━━━━━━━━━━━━━━━━━━━━━━━━ 664.8/664.8 MB 2.6 MB/s eta 0:00:00\n"}
,{"stream_name":"stdout","time":65.155663367,"data":"     ━━━━━━━━━━━━━━━━━━━━━━━━━━━━━━━━━━━━━━━ 664.8/664.8 MB 2.6 MB/s eta 0:00:00\n"}
,{"stream_name":"stdout","time":71.452725801,"data":"     ━━━━━━━━━━━━━━━━━━━━━━━━━━━━━━━━━━━━━━━ 410.6/410.6 MB 3.9 MB/s eta 0:00:00\n"}
,{"stream_name":"stdout","time":71.654673763,"data":"     ━━━━━━━━━━━━━━━━━━━━━━━━━━━━━━━━━━━━━━━ 410.6/410.6 MB 3.9 MB/s eta 0:00:00\n"}
,{"stream_name":"stdout","time":75.1487717,"data":"     ━━━━━━━━━━━━━━━━━━━━━━━━━━━━━━━━━━━━━━━ 121.6/121.6 MB 6.1 MB/s eta 0:00:00\n"}
,{"stream_name":"stdout","time":75.350882198,"data":"     ━━━━━━━━━━━━━━━━━━━━━━━━━━━━━━━━━━━━━━━ 121.6/121.6 MB 6.1 MB/s eta 0:00:00\n"}
,{"stream_name":"stdout","time":76.147998912,"data":"     ━━━━━━━━━━━━━━━━━━━━━━━━━━━━━━━━━━━━━━━━ 56.5/56.5 MB 34.1 MB/s eta 0:00:00\n"}
,{"stream_name":"stdout","time":76.350323078,"data":"     ━━━━━━━━━━━━━━━━━━━━━━━━━━━━━━━━━━━━━━━━ 56.5/56.5 MB 34.1 MB/s eta 0:00:00\n"}
,{"stream_name":"stdout","time":77.994472052,"data":"     ━━━━━━━━━━━━━━━━━━━━━━━━━━━━━━━━━━━━━━ 124.2/124.2 MB 10.9 MB/s eta 0:00:00\n"}
,{"stream_name":"stdout","time":78.19678054,"data":"     ━━━━━━━━━━━━━━━━━━━━━━━━━━━━━━━━━━━━━━ 124.2/124.2 MB 10.9 MB/s eta 0:00:00\n"}
,{"stream_name":"stdout","time":80.525380739,"data":"     ━━━━━━━━━━━━━━━━━━━━━━━━━━━━━━━━━━━━━━━ 196.0/196.0 MB 9.5 MB/s eta 0:00:00\n"}
,{"stream_name":"stdout","time":80.725881316,"data":"     ━━━━━━━━━━━━━━━━━━━━━━━━━━━━━━━━━━━━━━━ 196.0/196.0 MB 9.5 MB/s eta 0:00:00\n"}
,{"stream_name":"stdout","time":82.931455006,"data":"     ━━━━━━━━━━━━━━━━━━━━━━━━━━━━━━━━━━━━━━ 188.7/188.7 MB 10.0 MB/s eta 0:00:00\n"}
,{"stream_name":"stdout","time":83.133323019,"data":"     ━━━━━━━━━━━━━━━━━━━━━━━━━━━━━━━━━━━━━━ 188.7/188.7 MB 10.0 MB/s eta 0:00:00\n"}
,{"stream_name":"stdout","time":84.092427694,"data":"     ━━━━━━━━━━━━━━━━━━━━━━━━━━━━━━━━━━━━━━━ 99.1/99.1 kB 180.8 kB/s eta 0:00:00\n"}
,{"stream_name":"stdout","time":84.294293435,"data":"     ━━━━━━━━━━━━━━━━━━━━━━━━━━━━━━━━━━━━━━━ 99.1/99.1 kB 180.8 kB/s eta 0:00:00\n"}
,{"stream_name":"stdout","time":86.255831507,"data":"     ━━━━━━━━━━━━━━━━━━━━━━━━━━━━━━━━━━━━━━━ 209.6/209.6 MB 8.9 MB/s eta 0:00:00\n"}
,{"stream_name":"stdout","time":86.465576266,"data":"     ━━━━━━━━━━━━━━━━━━━━━━━━━━━━━━━━━━━━━━━ 209.6/209.6 MB 8.9 MB/s eta 0:00:00\n"}
,{"stream_name":"stdout","time":87.181565087,"data":"   ━━━━━━━━━━━━━━━━━━━━━━━━━━━━━━━━━━━━━━━━ 6.2/6.2 MB 58.1 MB/s eta 0:00:00\n"}
,{"stream_name":"stdout","time":87.383868892,"data":"   ━━━━━━━━━━━━━━━━━━━━━━━━━━━━━━━━━━━━━━━━ 6.2/6.2 MB 58.1 MB/s eta 0:00:00\n"}
,{"stream_name":"stdout","time":188.660442952,"data":"CUDA after reinstall: True\n"}
,{"stream_name":"stdout","time":188.661337654,"data":"Dependencies installed. CUDA ready: True\n"}
,{"stream_name":"stdout","time":190.983143161,"data":"PyTorch: 2.5.1+cu121\n"}
,{"stream_name":"stdout","time":191.014148497,"data":"CUDA available: True\n"}
,{"stream_name":"stdout","time":191.18359532,"data":"✓ CUDA smoke test PASSED. GPU: Tesla P100-PCIE-16GB\n"}
,{"stream_name":"stdout","time":191.184528075,"data":"  Memory: 17.1 GB\n"}
,{"stream_name":"stdout","time":199.221760341,"data":"timm: 1.0.26\n"}
,{"stream_name":"stdout","time":199.222484723,"data":"[12:26:35] [INFO] Environment ready.\n"}
,{"stream_name":"stdout","time":199.246620128,"data":"[12:26:35] [INFO]   ✓ Found FungiTastic: /kaggle/input/datasets/picekl/fungitastic\n"}
,{"stream_name":"stdout","time":199.248510148,"data":"[12:26:35] [INFO]   ✓ Found FungiCLEF: /kaggle/input/datasets/seemshukla/fungiclef\n"}
,{"stream_name":"stdout","time":199.250562507,"data":"[12:26:35] [INFO] Total datasets detected: 2\n"}
,{"stream_name":"stdout","time":199.251541574,"data":"[12:26:35] [INFO]   fungitastic: /kaggle/input/datasets/picekl/fungitastic\n"}
,{"stream_name":"stdout","time":199.252541369,"data":"[12:26:35] [INFO]   fungiclef: /kaggle/input/datasets/seemshukla/fungiclef\n"}
,{"stream_name":"stdout","time":199.288403755,"data":"[12:26:35] [INFO] Loading dataset 'fungitastic' from /kaggle/input/datasets/picekl/fungitastic...\n"}
,{"stream_name":"stdout","time":199.289297118,"data":"[12:26:35] [INFO]   Trying direct CSV paths (no filesystem scanning)...\n"}
,{"stream_name":"stdout","time":199.330177692,"data":"[12:26:35] [INFO]   ✓ CSV found (direct path): /kaggle/input/datasets/picekl/fungitastic/metadata/FungiTastic/FungiTastic-ClosedSet-Val.csv\n"}
,{"stream_name":"stdout","time":202.614393066,"data":"[12:26:38] [INFO]   Shape: (89659, 32), Columns: ['eventDate', 'year', 'month', 'day', 'habitat', 'countryCode', 'scientificName', 'kingdom', 'phylum', 'class', 'order', 'family', 'genus', 'specificEpithet', 'hasCoordinate']...\n"}
,{"stream_name":"stdout","time":203.459931739,"data":"[12:26:39] [INFO]   Loaded: 89659 images, 2275 species, 45613 observations\n"}
,{"stream_name":"stdout","time":203.459984174,"data":"[12:26:39] [INFO] Loading dataset 'fungiclef' from /kaggle/input/datasets/seemshukla/fungiclef...\n"}
,{"stream_name":"stdout","time":203.460925883,"data":"[12:26:39] [INFO]   Trying direct CSV paths (no filesystem scanning)...\n"}
,{"stream_name":"stdout","time":203.470239309,"data":"[12:26:39] [INFO]   Direct paths exhausted. Trying 1-level glob...\n"}
,{"stream_name":"stdout","time":203.516553972,"data":"[12:26:39] [INFO]   WARNING: No valid image CSV found in /kaggle/input/datasets/seemshukla/fungiclef\n"}
,{"stream_name":"stdout","time":203.517321466,"data":"[12:26:39] [INFO]   No CSV found. Building from image files (1-level glob)...\n"}
,{"stream_name":"stdout","time":203.527294173,"data":"[12:26:39] [INFO]   Built from files: 0 images\n"}
,{"stream_name":"stdout","time":203.531479298,"data":"[12:26:39] [INFO]   ⚠️ WARNING: Only 0 species! Trying parent-dir relabel...\n"}
,{"stream_name":"stdout","time":203.532346753,"data":"[12:26:39] [INFO]   Loaded: 0 images, 0 species, 0 observations\n"}
,{"stream_name":"stdout","time":203.551449929,"data":"[12:26:39] [INFO] \n"}
,{"stream_name":"stdout","time":203.551477496,"data":"COMBINED: 89659 images, 2275 species, 45613 observations from 1 DBs\n"}
,{"stream_name":"stdout","time":203.854422143,"data":"[12:26:40] [INFO] E14 selected 120 spp (deadly=12)\n"}
,{"stream_name":"stdout","time":203.944547908,"data":"[12:26:40] [INFO] E14 focused set: images=8456 spp=120 obs=4640\n"}
,{"stream_name":"stdout","time":203.948267493,"data":"[12:26:40] [INFO]   obs/sp median=40\n"}
,{"stream_name":"stdout","time":214.737041326,"data":"[12:26:51] [INFO] View type distribution:\n"}
,{"stream_name":"stdout","time":214.737092387,"data":"view_type\n"}
,{"stream_name":"stdout","time":214.737098478,"data":"gills      4763\n"}
,{"stream_name":"stdout","time":214.737102959,"data":"front      2387\n"}
,{"stream_name":"stdout","time":214.737107292,"data":"habitat     956\n"}
,{"stream_name":"stdout","time":214.737111416,"data":"detail      350\n"}
,{"stream_name":"stdout","time":214.773911222,"data":"[12:26:51] [INFO] Valid observations: 4637 | Valid species: 119\n"}
,{"stream_name":"stdout","time":214.777489612,"data":"[12:26:51] [INFO]   Large classes (\u003e=4 obs): 119 species, 4637 obs\n"}
,{"stream_name":"stdout","time":214.778214087,"data":"[12:26:51] [INFO]   Small classes (2-3 obs): 0 species, 0 obs\n"}
,{"stream_name":"stdout","time":214.806787568,"data":"[12:26:51] [INFO] Split: train=3245 obs (5911 imgs) | val=696 obs (1303 imgs) | test=696 obs (1231 imgs)\n"}
,{"stream_name":"stdout","time":216.651445442,"data":"[12:26:52] [INFO] Observations: train=3245 | val=696 | test=696\n"}
,{"stream_name":"stdout","time":216.653252909,"data":"[12:26:52] [INFO] Classes: 119\n"}
,{"stream_name":"stdout","time":216.695200729,"data":"[12:26:52] [INFO] MultiViewDataset + collate_fn defined.\n"}
,{"stream_name":"stdout","time":216.715782575,"data":"[12:26:53] [INFO] VectorizedLoRA defined.\n"}
,{"stream_name":"stdout","time":216.739545581,"data":"[12:26:53] [INFO] ViewConditionedBackbone defined.\n"}
,{"stream_name":"stdout","time":216.761206872,"data":"[12:26:53] [INFO] MetadataEncoder defined.\n"}
,{"stream_name":"stdout","time":216.785857073,"data":"[12:26:53] [INFO] AttentionFusion defined.\n"}
,{"stream_name":"stdout","time":216.808819875,"data":"[12:26:53] [INFO] ArcFaceHead, CenterLoss, TemperatureScaler defined.\n"}
,{"stream_name":"stdout","time":216.830785075,"data":"[12:26:53] [INFO] MultiViewModel defined.\n"}
,{"stream_name":"stdout","time":216.856928665,"data":"[12:26:53] [INFO] Metadata vocab sizes: {'habitat': 32, 'substrate': 22, 'smell': 2, 'country': 2}\n"}
,{"stream_name":"stdout","time":216.857779169,"data":"[12:26:53] [INFO] Testing model forward pass...\n"}
,{"stream_name":"stderr","time":217.453050984,"data":"Warning: You are sending unauthenticated requests to the HF Hub. Please set a HF_TOKEN to enable higher rate limits and faster downloads.\n"}
,{"stream_name":"stderr","time":217.453080438,"data":"\n"}
,{"stream_name":"stderr","time":217.45308621,"data":"Warning: You are sending unauthenticated requests to the HF Hub. Please set a HF_TOKEN to enable higher rate limits and faster downloads.\n"}
,{"stream_name":"stdout","time":221.119187919,"data":"[12:26:57] [INFO]   Forward OK | logits: torch.Size([4, 100]) | emb: torch.Size([4, 288]) | params: 28.8M\n"}
,{"stream_name":"stdout","time":221.145570089,"data":"[12:26:57] [INFO] Deadly species in dataset: 11\n"}
,{"stream_name":"stdout","time":221.146768593,"data":"[12:26:57] [INFO] E14 class weights deadly x10, n=11\n"}
,{"stream_name":"stdout","time":221.150605672,"data":"[12:26:57] [INFO] Config: backbone=convnextv2_tiny.fcmae_ft_in22k_in1k, epochs=20, batch=16\n"}
,{"stream_name":"stdout","time":221.773290225,"data":"[12:26:58] [INFO] Model parameters: 30.7M\n"}
,{"stream_name":"stdout","time":222.018712578,"data":"[12:26:58] [INFO] Optimizer + AMP + SWA ready.\n"}
,{"stream_name":"stdout","time":222.05716559,"data":"[12:26:58] [INFO] Ep0: Backbone FROZEN (warmup)\n"}
,{"stream_name":"stdout","time":222.058479287,"data":"[12:26:58] [INFO]   Loaders: 203 train batches, 44 val batches\n"}
,{"stream_name":"stdout","time":222.059409486,"data":"[12:26:58] [INFO] ============================================================\n"}
,{"stream_name":"stdout","time":222.060305941,"data":"[12:26:58] [INFO] EPOCH 0/19\n"}
,{"stream_name":"stdout","time":222.061028893,"data":"[12:26:58] [INFO] ============================================================\n"}
,{"stream_name":"stdout","time":223.271195364,"data":"[12:26:59] [INFO]   Ep0 B0/203 | loss=59.3515 | 1s | ETA 4.1min\n"}
,{"stream_name":"stdout","time":224.934478303,"data":"[12:27:01] [INFO]   Ep0 B10/203 | loss=36.2877 | 3s | ETA 0.8min\n"}
,{"stream_name":"stdout","time":226.571610875,"data":"[12:27:02] [INFO]   Ep0 B20/203 | loss=48.4496 | 5s | ETA 0.7min\n"}
,{"stream_name":"stdout","time":228.17208397,"data":"[12:27:04] [INFO]   Ep0 B30/203 | loss=48.6451 | 6s | ETA 0.6min\n"}
,{"stream_name":"stdout","time":229.876216092,"data":"[12:27:06] [INFO]   Ep0 B40/203 | loss=47.7525 | 8s | ETA 0.5min\n"}
,{"stream_name":"stdout","time":231.518245675,"data":"[12:27:07] [INFO]   Ep0 B50/203 | loss=34.6420 | 9s | ETA 0.5min\n"}
,{"stream_name":"stdout","time":233.135319918,"data":"[12:27:09] [INFO]   Ep0 B60/203 | loss=47.5692 | 11s | ETA 0.4min\n"}
,{"stream_name":"stdout","time":234.788325208,"data":"[12:27:11] [INFO]   Ep0 B70/203 | loss=33.8223 | 13s | ETA 0.4min\n"}
,{"stream_name":"stdout","time":236.456274637,"data":"[12:27:12] [INFO]   Ep0 B80/203 | loss=46.6890 | 14s | ETA 0.4min\n"}
,{"stream_name":"stdout","time":238.157245231,"data":"[12:27:14] [INFO]   Ep0 B90/203 | loss=33.3238 | 16s | ETA 0.3min\n"}
,{"stream_name":"stdout","time":239.763788387,"data":"[12:27:16] [INFO]   Ep0 B100/203 | loss=33.9871 | 18s | ETA 0.3min\n"}
,{"stream_name":"stdout","time":241.344297408,"data":"[12:27:17] [INFO]   Ep0 B110/203 | loss=46.3559 | 19s | ETA 0.3min\n"}
,{"stream_name":"stdout","time":242.925041653,"data":"[12:27:19] [INFO]   Ep0 B120/203 | loss=46.5308 | 21s | ETA 0.2min\n"}
,{"stream_name":"stdout","time":244.645113172,"data":"[12:27:20] [INFO]   Ep0 B130/203 | loss=32.2758 | 23s | ETA 0.2min\n"}
,{"stream_name":"stdout","time":246.235941714,"data":"[12:27:22] [INFO]   Ep0 B140/203 | loss=33.0427 | 24s | ETA 0.2min\n"}
,{"stream_name":"stdout","time":247.871482403,"data":"[12:27:24] [INFO]   Ep0 B150/203 | loss=46.6039 | 26s | ETA 0.1min\n"}
,{"stream_name":"stdout","time":249.483072016,"data":"[12:27:25] [INFO]   Ep0 B160/203 | loss=33.0765 | 27s | ETA 0.1min\n"}
,{"stream_name":"stdout","time":251.041375026,"data":"[12:27:27] [INFO]   Ep0 B170/203 | loss=46.5713 | 29s | ETA 0.1min\n"}
,{"stream_name":"stdout","time":252.617995083,"data":"[12:27:28] [INFO]   Ep0 B180/203 | loss=45.5889 | 31s | ETA 0.1min\n"}
,{"stream_name":"stdout","time":254.262520424,"data":"[12:27:30] [INFO]   Ep0 B190/203 | loss=32.6553 | 32s | ETA 0.0min\n"}
,{"stream_name":"stdout","time":255.885936216,"data":"[12:27:32] [INFO]   Ep0 B200/203 | loss=45.4941 | 34s | ETA 0.0min\n"}
,{"stream_name":"stdout","time":256.279277917,"data":"[12:27:32] [INFO]   Ep0 DONE | avg_loss=40.5321 | time=34s (0.6min)\n"}
,{"stream_name":"stdout","time":261.13228463,"data":"[12:27:37] [INFO] Ep0 RESULT | loss=40.5321 | acc=0.0316 | map3=0.0486 | f1=0.0151\n"}
,{"stream_name":"stdout","time":261.287333602,"data":"[12:27:37] [INFO]   ★ New best MAP@3: 0.0486 — saved!\n"}
,{"stream_name":"stdout","time":261.462146611,"data":"[12:27:37] [INFO] ============================================================\n"}
,{"stream_name":"stdout","time":261.46316442,"data":"[12:27:37] [INFO] EPOCH 1/19\n"}
,{"stream_name":"stdout","time":261.464258156,"data":"[12:27:37] [INFO] ============================================================\n"}
,{"stream_name":"stdout","time":262.963278841,"data":"[12:27:39] [INFO]   Ep1 B0/203 | loss=31.7829 | 1s | ETA 5.0min\n"}
,{"stream_name":"stdout","time":273.032229694,"data":"[12:27:49] [INFO]   Ep1 B10/203 | loss=32.4152 | 12s | ETA 3.4min\n"}
,{"stream_name":"stdout","time":282.974150444,"data":"[12:27:59] [INFO]   Ep1 B20/203 | loss=45.6956 | 21s | ETA 3.1min\n"}
,{"stream_name":"stdout","time":293.105990466,"data":"[12:28:09] [INFO]   Ep1 B30/203 | loss=44.0920 | 32s | ETA 2.9min\n"}
,{"stream_name":"stdout","time":303.522504348,"data":"[12:28:19] [INFO]   Ep1 B40/203 | loss=44.4629 | 42s | ETA 2.8min\n"}
,{"stream_name":"stdout","time":313.603202171,"data":"[12:28:29] [INFO]   Ep1 B50/203 | loss=32.1093 | 52s | ETA 2.6min\n"}
,{"stream_name":"stdout","time":323.671703514,"data":"[12:28:39] [INFO]   Ep1 B60/203 | loss=31.6485 | 62s | ETA 2.4min\n"}
,{"stream_name":"stdout","time":333.44905277,"data":"[12:28:49] [INFO]   Ep1 B70/203 | loss=43.7348 | 72s | ETA 2.2min\n"}
,{"stream_name":"stdout","time":343.768886428,"data":"[12:29:00] [INFO]   Ep1 B80/203 | loss=31.0098 | 82s | ETA 2.1min\n"}
,{"stream_name":"stdout","time":354.318063178,"data":"[12:29:10] [INFO]   Ep1 B90/203 | loss=31.5726 | 93s | ETA 1.9min\n"}
,{"stream_name":"stdout","time":364.408594542,"data":"[12:29:20] [INFO]   Ep1 B100/203 | loss=44.5805 | 103s | ETA 1.7min\n"}
,{"stream_name":"stdout","time":374.205757249,"data":"[12:29:30] [INFO]   Ep1 B110/203 | loss=31.9011 | 113s | ETA 1.6min\n"}
,{"stream_name":"stdout","time":384.425135058,"data":"[12:29:40] [INFO]   Ep1 B120/203 | loss=44.7824 | 123s | ETA 1.4min\n"}
,{"stream_name":"stdout","time":394.19279995,"data":"[12:29:50] [INFO]   Ep1 B130/203 | loss=31.9041 | 133s | ETA 1.2min\n"}
,{"stream_name":"stdout","time":404.331271712,"data":"[12:30:00] [INFO]   Ep1 B140/203 | loss=31.9823 | 143s | ETA 1.0min\n"}
,{"stream_name":"stdout","time":414.60572569,"data":"[12:30:10] [INFO]   Ep1 B150/203 | loss=30.8868 | 153s | ETA 0.9min\n"}
,{"stream_name":"stdout","time":424.60673228,"data":"[12:30:20] [INFO]   Ep1 B160/203 | loss=45.8718 | 163s | ETA 0.7min\n"}
,{"stream_name":"stdout","time":434.919082383,"data":"[12:30:31] [INFO]   Ep1 B170/203 | loss=45.0934 | 173s | ETA 0.5min\n"}
,{"stream_name":"stdout","time":445.228321053,"data":"[12:30:41] [INFO]   Ep1 B180/203 | loss=31.4210 | 184s | ETA 0.4min\n"}
,{"stream_name":"stdout","time":455.407537236,"data":"[12:30:51] [INFO]   Ep1 B190/203 | loss=45.0483 | 194s | ETA 0.2min\n"}
,{"stream_name":"stdout","time":465.458013377,"data":"[12:31:01] [INFO]   Ep1 B200/203 | loss=43.6479 | 204s | ETA 0.0min\n"}
,{"stream_name":"stdout","time":467.350276077,"data":"[12:31:03] [INFO]   Ep1 DONE | avg_loss=38.4660 | time=206s (3.4min)\n"}
,{"stream_name":"stdout","time":472.069840327,"data":"[12:31:08] [INFO] Ep1 RESULT | loss=38.4660 | acc=0.0560 | map3=0.0850 | f1=0.0341\n"}
,{"stream_name":"stdout","time":472.329945349,"data":"[12:31:08] [INFO]   ★ New best MAP@3: 0.0850 — saved!\n"}
,{"stream_name":"stdout","time":473.015428256,"data":"[12:31:09] [INFO] ============================================================\n"}
,{"stream_name":"stdout","time":473.016742348,"data":"[12:31:09] [INFO] EPOCH 2/19\n"}
,{"stream_name":"stdout","time":473.017756233,"data":"[12:31:09] [INFO] ============================================================\n"}
,{"stream_name":"stdout","time":474.483114373,"data":"[12:31:10] [INFO]   Ep2 B0/203 | loss=30.8218 | 1s | ETA 4.9min\n"}
,{"stream_name":"stdout","time":484.705397163,"data":"[12:31:20] [INFO]   Ep2 B10/203 | loss=30.8993 | 12s | ETA 3.4min\n"}
,{"stream_name":"stdout","time":494.85329696,"data":"[12:31:31] [INFO]   Ep2 B20/203 | loss=43.9856 | 22s | ETA 3.2min\n"}
,{"stream_name":"stdout","time":505.175987746,"data":"[12:31:41] [INFO]   Ep2 B30/203 | loss=30.6377 | 32s | ETA 3.0min\n"}
,{"stream_name":"stdout","time":515.295325141,"data":"[12:31:51] [INFO]   Ep2 B40/203 | loss=43.4803 | 42s | ETA 2.8min\n"}
,{"stream_name":"stdout","time":525.571473172,"data":"[12:32:01] [INFO]   Ep2 B50/203 | loss=43.7449 | 53s | ETA 2.6min\n"}
,{"stream_name":"stdout","time":535.837473479,"data":"[12:32:12] [INFO]   Ep2 B60/203 | loss=30.3381 | 63s | ETA 2.4min\n"}
,{"stream_name":"stdout","time":545.63492914,"data":"[12:32:21] [INFO]   Ep2 B70/203 | loss=43.3821 | 73s | ETA 2.3min\n"}
,{"stream_name":"stdout","time":555.721321773,"data":"[12:32:32] [INFO]   Ep2 B80/203 | loss=29.3519 | 83s | ETA 2.1min\n"}
,{"stream_name":"stdout","time":566.018616229,"data":"[12:32:42] [INFO]   Ep2 B90/203 | loss=30.4754 | 93s | ETA 1.9min\n"}
,{"stream_name":"stdout","time":576.137930778,"data":"[12:32:52] [INFO]   Ep2 B100/203 | loss=30.7573 | 103s | ETA 1.7min\n"}
,{"stream_name":"stdout","time":586.078600698,"data":"[12:33:02] [INFO]   Ep2 B110/203 | loss=30.0057 | 113s | ETA 1.6min\n"}
,{"stream_name":"stdout","time":595.927330708,"data":"[12:33:12] [INFO]   Ep2 B120/203 | loss=43.8767 | 123s | ETA 1.4min\n"}
,{"stream_name":"stdout","time":606.125664223,"data":"[12:33:22] [INFO]   Ep2 B130/203 | loss=29.6803 | 133s | ETA 1.2min\n"}
,{"stream_name":"stdout","time":616.027994794,"data":"[12:33:32] [INFO]   Ep2 B140/203 | loss=43.0353 | 143s | ETA 1.0min\n"}
,{"stream_name":"stdout","time":626.148624455,"data":"[12:33:42] [INFO]   Ep2 B150/203 | loss=30.0729 | 153s | ETA 0.9min\n"}
,{"stream_name":"stdout","time":636.314848757,"data":"[12:33:52] [INFO]   Ep2 B160/203 | loss=30.9293 | 163s | ETA 0.7min\n"}
,{"stream_name":"stdout","time":646.896745691,"data":"[12:34:03] [INFO]   Ep2 B170/203 | loss=42.2430 | 174s | ETA 0.5min\n"}
,{"stream_name":"stdout","time":657.135205443,"data":"[12:34:13] [INFO]   Ep2 B180/203 | loss=29.7158 | 184s | ETA 0.4min\n"}
,{"stream_name":"stdout","time":667.201287909,"data":"[12:34:23] [INFO]   Ep2 B190/203 | loss=41.5983 | 194s | ETA 0.2min\n"}
,{"stream_name":"stdout","time":677.003663347,"data":"[12:34:33] [INFO]   Ep2 B200/203 | loss=30.1872 | 204s | ETA 0.0min\n"}
,{"stream_name":"stdout","time":678.951653882,"data":"[12:34:35] [INFO]   Ep2 DONE | avg_loss=37.0594 | time=206s (3.4min)\n"}
,{"stream_name":"stdout","time":683.62544112,"data":"[12:34:39] [INFO] Ep2 RESULT | loss=37.0594 | acc=0.0618 | map3=0.0864 | f1=0.0358\n"}
,{"stream_name":"stdout","time":683.891290964,"data":"[12:34:40] [INFO]   ★ New best MAP@3: 0.0864 — saved!\n"}
,{"stream_name":"stdout","time":684.618246032,"data":"[12:34:40] [INFO] ============================================================\n"}
,{"stream_name":"stdout","time":684.620705303,"data":"[12:34:40] [INFO] EPOCH 3/19\n"}
,{"stream_name":"stdout","time":684.620724478,"data":"[12:34:40] [INFO] ============================================================\n"}
,{"stream_name":"stdout","time":686.388308931,"data":"[12:34:42] [INFO]   Ep3 B0/203 | loss=30.0533 | 2s | ETA 5.9min\n"}
,{"stream_name":"stdout","time":696.367378432,"data":"[12:34:52] [INFO]   Ep3 B10/203 | loss=29.4732 | 12s | ETA 3.4min\n"}
,{"stream_name":"stdout","time":706.622133115,"data":"[12:35:02] [INFO]   Ep3 B20/203 | loss=42.9160 | 22s | ETA 3.2min\n"}
,{"stream_name":"stdout","time":716.72933486,"data":"[12:35:13] [INFO]   Ep3 B30/203 | loss=29.8165 | 32s | ETA 3.0min\n"}
,{"stream_name":"stdout","time":726.838285302,"data":"[12:35:23] [INFO]   Ep3 B40/203 | loss=29.5274 | 42s | ETA 2.8min\n"}
,{"stream_name":"stdout","time":736.906274083,"data":"[12:35:33] [INFO]   Ep3 B50/203 | loss=29.7147 | 52s | ETA 2.6min\n"}
,{"stream_name":"stdout","time":747.040694538,"data":"[12:35:43] [INFO]   Ep3 B60/203 | loss=29.4407 | 62s | ETA 2.4min\n"}
,{"stream_name":"stdout","time":757.378493104,"data":"[12:35:53] [INFO]   Ep3 B70/203 | loss=30.0042 | 73s | ETA 2.3min\n"}
,{"stream_name":"stdout","time":767.687960255,"data":"[12:36:03] [INFO]   Ep3 B80/203 | loss=42.7047 | 83s | ETA 2.1min\n"}
,{"stream_name":"stdout","time":777.775205335,"data":"[12:36:14] [INFO]   Ep3 B90/203 | loss=42.8403 | 93s | ETA 1.9min\n"}
,{"stream_name":"stdout","time":787.707332318,"data":"[12:36:23] [INFO]   Ep3 B100/203 | loss=29.4772 | 103s | ETA 1.7min\n"}
,{"stream_name":"stdout","time":797.737941747,"data":"[12:36:34] [INFO]   Ep3 B110/203 | loss=28.9933 | 113s | ETA 1.6min\n"}
,{"stream_name":"stdout","time":807.71203664,"data":"[12:36:44] [INFO]   Ep3 B120/203 | loss=42.4218 | 123s | ETA 1.4min\n"}
,{"stream_name":"stdout","time":818.242443006,"data":"[12:36:54] [INFO]   Ep3 B130/203 | loss=29.0166 | 134s | ETA 1.2min\n"}
,{"stream_name":"stdout","time":828.219272537,"data":"[12:37:04] [INFO]   Ep3 B140/203 | loss=29.5352 | 144s | ETA 1.1min\n"}
,{"stream_name":"stdout","time":838.590056243,"data":"[12:37:14] [INFO]   Ep3 B150/203 | loss=29.4345 | 154s | ETA 0.9min\n"}
,{"stream_name":"stdout","time":848.633455248,"data":"[12:37:24] [INFO]   Ep3 B160/203 | loss=41.8422 | 164s | ETA 0.7min\n"}
,{"stream_name":"stdout","time":858.568054632,"data":"[12:37:34] [INFO]   Ep3 B170/203 | loss=28.7202 | 174s | ETA 0.5min\n"}
,{"stream_name":"stdout","time":868.626853861,"data":"[12:37:44] [INFO]   Ep3 B180/203 | loss=28.7299 | 184s | ETA 0.4min\n"}
,{"stream_name":"stdout","time":878.495117242,"data":"[12:37:54] [INFO]   Ep3 B190/203 | loss=41.9207 | 194s | ETA 0.2min\n"}
,{"stream_name":"stdout","time":888.771324639,"data":"[12:38:05] [INFO]   Ep3 B200/203 | loss=41.9747 | 204s | ETA 0.0min\n"}
,{"stream_name":"stdout","time":890.730929519,"data":"[12:38:07] [INFO]   Ep3 DONE | avg_loss=35.9745 | time=206s (3.4min)\n"}
,{"stream_name":"stdout","time":895.464897187,"data":"[12:38:11] [INFO] Ep3 RESULT | loss=35.9745 | acc=0.0661 | map3=0.0910 | f1=0.0396\n"}
,{"stream_name":"stdout","time":895.731427758,"data":"[12:38:12] [INFO]   ★ New best MAP@3: 0.0910 — saved!\n"}
,{"stream_name":"stdout","time":896.457125169,"data":"[12:38:12] [INFO] ============================================================\n"}
,{"stream_name":"stdout","time":896.45716604,"data":"[12:38:12] [INFO] EPOCH 4/19\n"}
,{"stream_name":"stdout","time":896.458358527,"data":"[12:38:12] [INFO] ============================================================\n"}
,{"stream_name":"stdout","time":898.031018309,"data":"[12:38:14] [INFO]   Ep4 B0/203 | loss=28.5552 | 2s | ETA 5.3min\n"}
,{"stream_name":"stdout","time":908.175730258,"data":"[12:38:24] [INFO]   Ep4 B10/203 | loss=41.0666 | 12s | ETA 3.4min\n"}
,{"stream_name":"stdout","time":918.274285874,"data":"[12:38:34] [INFO]   Ep4 B20/203 | loss=42.6425 | 22s | ETA 3.2min\n"}
,{"stream_name":"stdout","time":928.274906267,"data":"[12:38:44] [INFO]   Ep4 B30/203 | loss=41.0267 | 32s | ETA 2.9min\n"}
,{"stream_name":"stdout","time":938.085491761,"data":"[12:38:54] [INFO]   Ep4 B40/203 | loss=28.6630 | 42s | ETA 2.7min\n"}
,{"stream_name":"stdout","time":948.25160906,"data":"[12:39:04] [INFO]   Ep4 B50/203 | loss=41.8669 | 52s | ETA 2.6min\n"}
,{"stream_name":"stdout","time":958.561098997,"data":"[12:39:14] [INFO]   Ep4 B60/203 | loss=28.0003 | 62s | ETA 2.4min\n"}
,{"stream_name":"stdout","time":968.750741081,"data":"[12:39:25] [INFO]   Ep4 B70/203 | loss=28.8478 | 72s | ETA 2.2min\n"}
,{"stream_name":"stdout","time":978.855280882,"data":"[12:39:35] [INFO]   Ep4 B80/203 | loss=28.4358 | 82s | ETA 2.1min\n"}
,{"stream_name":"stdout","time":988.836492354,"data":"[12:39:45] [INFO]   Ep4 B90/203 | loss=41.1223 | 92s | ETA 1.9min\n"}
,{"stream_name":"stdout","time":998.859272404,"data":"[12:39:55] [INFO]   Ep4 B100/203 | loss=28.8552 | 102s | ETA 1.7min\n"}
,{"stream_name":"stdout","time":1009.024754206,"data":"[12:40:05] [INFO]   Ep4 B110/203 | loss=40.5493 | 113s | ETA 1.6min\n"}
,{"stream_name":"stdout","time":1019.181798527,"data":"[12:40:15] [INFO]   Ep4 B120/203 | loss=27.5371 | 123s | ETA 1.4min\n"}
,{"stream_name":"stdout","time":1029.394029394,"data":"[12:40:25] [INFO]   Ep4 B130/203 | loss=42.1564 | 133s | ETA 1.2min\n"}
,{"stream_name":"stdout","time":1039.223004469,"data":"[12:40:35] [INFO]   Ep4 B140/203 | loss=41.5081 | 143s | ETA 1.0min\n"}
,{"stream_name":"stdout","time":1049.453386357,"data":"[12:40:45] [INFO]   Ep4 B150/203 | loss=40.8080 | 153s | ETA 0.9min\n"}
,{"stream_name":"stdout","time":1059.429572809,"data":"[12:40:55] [INFO]   Ep4 B160/203 | loss=41.1772 | 163s | ETA 0.7min\n"}
,{"stream_name":"stdout","time":1069.407622104,"data":"[12:41:05] [INFO]   Ep4 B170/203 | loss=27.8581 | 173s | ETA 0.5min\n"}
,{"stream_name":"stdout","time":1079.715552596,"data":"[12:41:15] [INFO]   Ep4 B180/203 | loss=29.1579 | 183s | ETA 0.4min\n"}
,{"stream_name":"stdout","time":1090.098466409,"data":"[12:41:26] [INFO]   Ep4 B190/203 | loss=41.7718 | 194s | ETA 0.2min\n"}
,{"stream_name":"stdout","time":1100.287110402,"data":"[12:41:36] [INFO]   Ep4 B200/203 | loss=39.7088 | 204s | ETA 0.0min\n"}
,{"stream_name":"stdout","time":1102.484700373,"data":"[12:41:38] [INFO]   Ep4 DONE | avg_loss=35.4221 | time=206s (3.4min)\n"}
,{"stream_name":"stdout","time":1107.235113659,"data":"[12:41:43] [INFO] Ep4 RESULT | loss=35.4221 | acc=0.0647 | map3=0.0979 | f1=0.0367\n"}
,{"stream_name":"stdout","time":1107.512748163,"data":"[12:41:43] [INFO]   ★ New best MAP@3: 0.0979 — saved!\n"}
,{"stream_name":"stdout","time":1108.236089253,"data":"[12:41:44] [INFO] ============================================================\n"}
,{"stream_name":"stdout","time":1108.237105541,"data":"[12:41:44] [INFO] EPOCH 5/19\n"}
,{"stream_name":"stdout","time":1108.237839019,"data":"[12:41:44] [INFO] ============================================================\n"}
,{"stream_name":"stdout","time":1109.976953399,"data":"[12:41:46] [INFO]   Ep5 B0/203 | loss=26.9913 | 2s | ETA 5.8min\n"}
,{"stream_name":"stdout","time":1120.082917639,"data":"[12:41:56] [INFO]   Ep5 B10/203 | loss=40.7411 | 12s | ETA 3.4min\n"}
,{"stream_name":"stdout","time":1130.420309059,"data":"[12:42:06] [INFO]   Ep5 B20/203 | loss=40.7248 | 22s | ETA 3.2min\n"}
,{"stream_name":"stdout","time":1140.658837924,"data":"[12:42:16] [INFO]   Ep5 B30/203 | loss=41.1966 | 32s | ETA 3.0min\n"}
,{"stream_name":"stdout","time":1150.569941214,"data":"[12:42:26] [INFO]   Ep5 B40/203 | loss=26.7273 | 42s | ETA 2.8min\n"}
,{"stream_name":"stdout","time":1160.850940365,"data":"[12:42:37] [INFO]   Ep5 B50/203 | loss=28.1110 | 53s | ETA 2.6min\n"}
,{"stream_name":"stdout","time":1171.032585268,"data":"[12:42:47] [INFO]   Ep5 B60/203 | loss=39.2425 | 63s | ETA 2.4min\n"}
,{"stream_name":"stdout","time":1181.005157176,"data":"[12:42:57] [INFO]   Ep5 B70/203 | loss=27.6911 | 73s | ETA 2.3min\n"}
,{"stream_name":"stdout","time":1190.921047536,"data":"[12:43:07] [INFO]   Ep5 B80/203 | loss=40.6048 | 83s | ETA 2.1min\n"}
,{"stream_name":"stdout","time":1200.93237376,"data":"[12:43:17] [INFO]   Ep5 B90/203 | loss=40.6855 | 93s | ETA 1.9min\n"}
,{"stream_name":"stdout","time":1211.241508289,"data":"[12:43:27] [INFO]   Ep5 B100/203 | loss=41.2404 | 103s | ETA 1.7min\n"}
,{"stream_name":"stdout","time":1221.529968593,"data":"[12:43:37] [INFO]   Ep5 B110/203 | loss=27.0636 | 113s | ETA 1.6min\n"}
,{"stream_name":"stdout","time":1231.656765583,"data":"[12:43:47] [INFO]   Ep5 B120/203 | loss=40.8447 | 123s | ETA 1.4min\n"}
,{"stream_name":"stdout","time":1242.023720413,"data":"[12:43:58] [INFO]   Ep5 B130/203 | loss=40.0943 | 134s | ETA 1.2min\n"}
,{"stream_name":"stdout","time":1252.068694552,"data":"[12:44:08] [INFO]   Ep5 B140/203 | loss=27.1782 | 144s | ETA 1.1min\n"}
,{"stream_name":"stdout","time":1262.003088582,"data":"[12:44:18] [INFO]   Ep5 B150/203 | loss=27.5813 | 154s | ETA 0.9min\n"}
,{"stream_name":"stdout","time":1272.066539921,"data":"[12:44:28] [INFO]   Ep5 B160/203 | loss=40.5270 | 164s | ETA 0.7min\n"}
,{"stream_name":"stdout","time":1281.94025682,"data":"[12:44:38] [INFO]   Ep5 B170/203 | loss=27.1146 | 174s | ETA 0.5min\n"}
,{"stream_name":"stdout","time":1292.395200572,"data":"[12:44:48] [INFO]   Ep5 B180/203 | loss=40.4787 | 184s | ETA 0.4min\n"}
,{"stream_name":"stdout","time":1302.453613036,"data":"[12:44:58] [INFO]   Ep5 B190/203 | loss=27.6638 | 194s | ETA 0.2min\n"}
,{"stream_name":"stdout","time":1312.459642218,"data":"[12:45:08] [INFO]   Ep5 B200/203 | loss=39.6475 | 204s | ETA 0.0min\n"}
,{"stream_name":"stdout","time":1314.361978222,"data":"[12:45:10] [INFO]   Ep5 DONE | avg_loss=33.3910 | time=206s (3.4min)\n"}
,{"stream_name":"stdout","time":1319.032346688,"data":"[12:45:15] [INFO] Ep5 RESULT | loss=33.3910 | acc=0.0776 | map3=0.1006 | f1=0.0496\n"}
,{"stream_name":"stdout","time":1319.295808079,"data":"[12:45:15] [INFO]   ★ New best MAP@3: 0.1006 — saved!\n"}
,{"stream_name":"stdout","time":1320.019527936,"data":"[12:45:16] [INFO] ============================================================\n"}
,{"stream_name":"stdout","time":1320.021086945,"data":"[12:45:16] [INFO] EPOCH 6/19\n"}
,{"stream_name":"stdout","time":1320.021893627,"data":"[12:45:16] [INFO] ============================================================\n"}
,{"stream_name":"stdout","time":1321.652784587,"data":"[12:45:17] [INFO]   Ep6 B0/203 | loss=26.5675 | 2s | ETA 5.5min\n"}
,{"stream_name":"stdout","time":1331.807838396,"data":"[12:45:28] [INFO]   Ep6 B10/203 | loss=27.1519 | 12s | ETA 3.4min\n"}
,{"stream_name":"stdout","time":1342.43728687,"data":"[12:45:38] [INFO]   Ep6 B20/203 | loss=26.4685 | 22s | ETA 3.2min\n"}
,{"stream_name":"stdout","time":1352.253888959,"data":"[12:45:48] [INFO]   Ep6 B30/203 | loss=39.9656 | 32s | ETA 3.0min\n"}
,{"stream_name":"stdout","time":1362.240998632,"data":"[12:45:58] [INFO]   Ep6 B40/203 | loss=27.2231 | 42s | ETA 2.8min\n"}
,{"stream_name":"stdout","time":1372.268617179,"data":"[12:46:08] [INFO]   Ep6 B50/203 | loss=26.3664 | 52s | ETA 2.6min\n"}
,{"stream_name":"stdout","time":1382.144542075,"data":"[12:46:18] [INFO]   Ep6 B60/203 | loss=38.9603 | 62s | ETA 2.4min\n"}
,{"stream_name":"stdout","time":1392.269456738,"data":"[12:46:28] [INFO]   Ep6 B70/203 | loss=24.8512 | 72s | ETA 2.2min\n"}
,{"stream_name":"stdout","time":1402.414811964,"data":"[12:46:38] [INFO]   Ep6 B80/203 | loss=26.2179 | 82s | ETA 2.1min\n"}
,{"stream_name":"stdout","time":1412.426497036,"data":"[12:46:48] [INFO]   Ep6 B90/203 | loss=26.5190 | 92s | ETA 1.9min\n"}
,{"stream_name":"stdout","time":1422.766059791,"data":"[12:46:59] [INFO]   Ep6 B100/203 | loss=26.1927 | 103s | ETA 1.7min\n"}
,{"stream_name":"stdout","time":1432.884247768,"data":"[12:47:09] [INFO]   Ep6 B110/203 | loss=38.8098 | 113s | ETA 1.6min\n"}
,{"stream_name":"stdout","time":1443.201360374,"data":"[12:47:19] [INFO]   Ep6 B120/203 | loss=38.5644 | 123s | ETA 1.4min\n"}
,{"stream_name":"stdout","time":1453.715784688,"data":"[12:47:30] [INFO]   Ep6 B130/203 | loss=26.8531 | 134s | ETA 1.2min\n"}
,{"stream_name":"stdout","time":1463.604253146,"data":"[12:47:39] [INFO]   Ep6 B140/203 | loss=38.3603 | 144s | ETA 1.1min\n"}
,{"stream_name":"stdout","time":1473.698925566,"data":"[12:47:49] [INFO]   Ep6 B150/203 | loss=26.4491 | 154s | ETA 0.9min\n"}
,{"stream_name":"stdout","time":1483.772473791,"data":"[12:48:00] [INFO]   Ep6 B160/203 | loss=25.6382 | 164s | ETA 0.7min\n"}
,{"stream_name":"stdout","time":1493.927830826,"data":"[12:48:10] [INFO]   Ep6 B170/203 | loss=26.8551 | 174s | ETA 0.5min\n"}
,{"stream_name":"stdout","time":1503.923547228,"data":"[12:48:20] [INFO]   Ep6 B180/203 | loss=25.2875 | 184s | ETA 0.4min\n"}
,{"stream_name":"stdout","time":1513.909633968,"data":"[12:48:30] [INFO]   Ep6 B190/203 | loss=26.1572 | 194s | ETA 0.2min\n"}
,{"stream_name":"stdout","time":1523.768101496,"data":"[12:48:40] [INFO]   Ep6 B200/203 | loss=39.5930 | 204s | ETA 0.0min\n"}
,{"stream_name":"stdout","time":1525.851438483,"data":"[12:48:42] [INFO]   Ep6 DONE | avg_loss=32.3631 | time=206s (3.4min)\n"}
,{"stream_name":"stdout","time":1530.489621875,"data":"[12:48:46] [INFO] Ep6 RESULT | loss=32.3631 | acc=0.0675 | map3=0.1042 | f1=0.0366\n"}
,{"stream_name":"stdout","time":1530.767159448,"data":"[12:48:47] [INFO]   ★ New best MAP@3: 0.1042 — saved!\n"}
,{"stream_name":"stdout","time":1531.534816735,"data":"[12:48:47] [INFO] ============================================================\n"}
,{"stream_name":"stdout","time":1531.535729564,"data":"[12:48:47] [INFO] EPOCH 7/19\n"}
,{"stream_name":"stdout","time":1531.536587198,"data":"[12:48:47] [INFO] ============================================================\n"}
,{"stream_name":"stdout","time":1533.069081645,"data":"[12:48:49] [INFO]   Ep7 B0/203 | loss=39.0319 | 2s | ETA 5.1min\n"}
,{"stream_name":"stdout","time":1543.519448767,"data":"[12:48:59] [INFO]   Ep7 B10/203 | loss=25.4456 | 12s | ETA 3.5min\n"}
,{"stream_name":"stdout","time":1553.694284057,"data":"[12:49:09] [INFO]   Ep7 B20/203 | loss=37.0909 | 22s | ETA 3.2min\n"}
,{"stream_name":"stdout","time":1564.110066363,"data":"[12:49:20] [INFO]   Ep7 B30/203 | loss=24.5983 | 33s | ETA 3.0min\n"}
,{"stream_name":"stdout","time":1574.059822692,"data":"[12:49:30] [INFO]   Ep7 B40/203 | loss=38.4902 | 42s | ETA 2.8min\n"}
,{"stream_name":"stdout","time":1584.496052818,"data":"[12:49:40] [INFO]   Ep7 B50/203 | loss=26.3528 | 53s | ETA 2.6min\n"}
,{"stream_name":"stdout","time":1594.58738551,"data":"[12:49:50] [INFO]   Ep7 B60/203 | loss=24.4009 | 63s | ETA 2.4min\n"}
,{"stream_name":"stdout","time":1604.566393054,"data":"[12:50:00] [INFO]   Ep7 B70/203 | loss=26.1061 | 73s | ETA 2.3min\n"}
,{"stream_name":"stdout","time":1614.138410548,"data":"[12:50:10] [INFO]   Ep7 B80/203 | loss=37.9589 | 83s | ETA 2.1min\n"}
,{"stream_name":"stdout","time":1624.319792248,"data":"[12:50:20] [INFO]   Ep7 B90/203 | loss=38.0042 | 93s | ETA 1.9min\n"}
,{"stream_name":"stdout","time":1634.591934562,"data":"[12:50:30] [INFO]   Ep7 B100/203 | loss=25.2227 | 103s | ETA 1.7min\n"}
,{"stream_name":"stdout","time":1644.756961762,"data":"[12:50:41] [INFO]   Ep7 B110/203 | loss=37.9215 | 113s | ETA 1.6min\n"}
,{"stream_name":"stdout","time":1654.915272902,"data":"[12:50:51] [INFO]   Ep7 B120/203 | loss=25.6218 | 123s | ETA 1.4min\n"}
,{"stream_name":"stdout","time":1665.403570057,"data":"[12:51:01] [INFO]   Ep7 B130/203 | loss=34.8181 | 134s | ETA 1.2min\n"}
,{"stream_name":"stdout","time":1675.249223648,"data":"[12:51:11] [INFO]   Ep7 B140/203 | loss=37.7162 | 144s | ETA 1.1min\n"}
,{"stream_name":"stdout","time":1685.171422555,"data":"[12:51:21] [INFO]   Ep7 B150/203 | loss=36.0448 | 154s | ETA 0.9min\n"}
,{"stream_name":"stdout","time":1695.179628127,"data":"[12:51:31] [INFO]   Ep7 B160/203 | loss=37.5156 | 164s | ETA 0.7min\n"}
,{"stream_name":"stdout","time":1705.156471652,"data":"[12:51:41] [INFO]   Ep7 B170/203 | loss=36.0667 | 174s | ETA 0.5min\n"}
,{"stream_name":"stdout","time":1715.200202863,"data":"[12:51:51] [INFO]   Ep7 B180/203 | loss=24.4214 | 184s | ETA 0.4min\n"}
,{"stream_name":"stdout","time":1725.135330428,"data":"[12:52:01] [INFO]   Ep7 B190/203 | loss=37.3648 | 194s | ETA 0.2min\n"}
,{"stream_name":"stdout","time":1735.06496511,"data":"[12:52:11] [INFO]   Ep7 B200/203 | loss=36.6738 | 204s | ETA 0.0min\n"}
,{"stream_name":"stdout","time":1737.285503091,"data":"[12:52:13] [INFO]   Ep7 DONE | avg_loss=32.5822 | time=206s (3.4min)\n"}
,{"stream_name":"stdout","time":1741.954669301,"data":"[12:52:18] [INFO] Ep7 RESULT | loss=32.5822 | acc=0.0675 | map3=0.0912 | f1=0.0410\n"}
,{"stream_name":"stdout","time":1741.955598861,"data":"[12:52:18] [INFO]   No improvement for 1 epoch(s).\n"}
,{"stream_name":"stdout","time":1742.686978889,"data":"[12:52:18] [INFO] ============================================================\n"}
,{"stream_name":"stdout","time":1742.687705701,"data":"[12:52:18] [INFO] EPOCH 8/19\n"}
,{"stream_name":"stdout","time":1742.688840936,"data":"[12:52:18] [INFO] ============================================================\n"}
,{"stream_name":"stdout","time":1744.059562226,"data":"[12:52:20] [INFO]   Ep8 B0/203 | loss=24.3783 | 1s | ETA 4.6min\n"}
,{"stream_name":"stdout","time":1754.113099897,"data":"[12:52:30] [INFO]   Ep8 B10/203 | loss=38.2263 | 11s | ETA 3.3min\n"}
,{"stream_name":"stdout","time":1764.378473601,"data":"[12:52:40] [INFO]   Ep8 B20/203 | loss=25.5535 | 22s | ETA 3.1min\n"}
,{"stream_name":"stdout","time":1774.595902153,"data":"[12:52:50] [INFO]   Ep8 B30/203 | loss=37.9133 | 32s | ETA 2.9min\n"}
,{"stream_name":"stdout","time":1784.326265638,"data":"[12:53:00] [INFO]   Ep8 B40/203 | loss=23.3875 | 42s | ETA 2.7min\n"}
,{"stream_name":"stdout","time":1794.110573793,"data":"[12:53:10] [INFO]   Ep8 B50/203 | loss=24.3417 | 51s | ETA 2.6min\n"}
,{"stream_name":"stdout","time":1804.268739731,"data":"[12:53:20] [INFO]   Ep8 B60/203 | loss=37.7634 | 62s | ETA 2.4min\n"}
,{"stream_name":"stdout","time":1814.275467807,"data":"[12:53:30] [INFO]   Ep8 B70/203 | loss=36.1751 | 72s | ETA 2.2min\n"}
,{"stream_name":"stdout","time":1824.440928219,"data":"[12:53:40] [INFO]   Ep8 B80/203 | loss=24.6070 | 82s | ETA 2.1min\n"}
,{"stream_name":"stdout","time":1834.550849737,"data":"[12:53:50] [INFO]   Ep8 B90/203 | loss=24.5291 | 92s | ETA 1.9min\n"}
,{"stream_name":"stdout","time":1844.515737016,"data":"[12:54:00] [INFO]   Ep8 B100/203 | loss=37.3211 | 102s | ETA 1.7min\n"}
,{"stream_name":"stdout","time":1854.419953663,"data":"[12:54:10] [INFO]   Ep8 B110/203 | loss=36.7471 | 112s | ETA 1.5min\n"}
,{"stream_name":"stdout","time":1864.724383682,"data":"[12:54:21] [INFO]   Ep8 B120/203 | loss=37.0043 | 122s | ETA 1.4min\n"}
,{"stream_name":"stdout","time":1875.25570283,"data":"[12:54:31] [INFO]   Ep8 B130/203 | loss=25.5526 | 133s | ETA 1.2min\n"}
,{"stream_name":"stdout","time":1885.255722442,"data":"[12:54:41] [INFO]   Ep8 B140/203 | loss=24.3346 | 143s | ETA 1.0min\n"}
,{"stream_name":"stdout","time":1895.727161163,"data":"[12:54:52] [INFO]   Ep8 B150/203 | loss=38.5456 | 153s | ETA 0.9min\n"}
,{"stream_name":"stdout","time":1905.929199891,"data":"[12:55:02] [INFO]   Ep8 B160/203 | loss=25.0769 | 163s | ETA 0.7min\n"}
,{"stream_name":"stdout","time":1916.074659568,"data":"[12:55:12] [INFO]   Ep8 B170/203 | loss=37.3516 | 173s | ETA 0.5min\n"}
,{"stream_name":"stdout","time":1926.031915362,"data":"[12:55:22] [INFO]   Ep8 B180/203 | loss=37.2898 | 183s | ETA 0.4min\n"}
,{"stream_name":"stdout","time":1936.197944966,"data":"[12:55:32] [INFO]   Ep8 B190/203 | loss=24.0640 | 193s | ETA 0.2min\n"}
,{"stream_name":"stdout","time":1946.263556407,"data":"[12:55:42] [INFO]   Ep8 B200/203 | loss=35.6689 | 204s | ETA 0.0min\n"}
,{"stream_name":"stdout","time":1948.37518153,"data":"[12:55:44] [INFO]   Ep8 DONE | avg_loss=31.0942 | time=206s (3.4min)\n"}
,{"stream_name":"stdout","time":1953.07027527,"data":"[12:55:49] [INFO] Ep8 RESULT | loss=31.0942 | acc=0.0675 | map3=0.1032 | f1=0.0404\n"}
,{"stream_name":"stdout","time":1953.070318464,"data":"[12:55:49] [INFO]   No improvement for 2 epoch(s).\n"}
,{"stream_name":"stdout","time":1953.831193515,"data":"[12:55:50] [INFO] ============================================================\n"}
,{"stream_name":"stdout","time":1953.832458034,"data":"[12:55:50] [INFO] EPOCH 9/19\n"}
,{"stream_name":"stdout","time":1953.833339413,"data":"[12:55:50] [INFO] ============================================================\n"}
,{"stream_name":"stdout","time":1955.340944192,"data":"[12:55:51] [INFO]   Ep9 B0/203 | loss=22.7743 | 2s | ETA 5.1min\n"}
,{"stream_name":"stdout","time":1965.606234627,"data":"[12:56:01] [INFO]   Ep9 B10/203 | loss=36.2944 | 12s | ETA 3.4min\n"}
,{"stream_name":"stdout","time":1975.737517407,"data":"[12:56:12] [INFO]   Ep9 B20/203 | loss=24.8525 | 22s | ETA 3.2min\n"}
,{"stream_name":"stdout","time":1986.311274155,"data":"[12:56:22] [INFO]   Ep9 B30/203 | loss=23.5499 | 32s | ETA 3.0min\n"}
,{"stream_name":"stdout","time":1996.290378125,"data":"[12:56:32] [INFO]   Ep9 B40/203 | loss=22.8887 | 42s | ETA 2.8min\n"}
,{"stream_name":"stdout","time":2006.573324898,"data":"[12:56:42] [INFO]   Ep9 B50/203 | loss=22.5281 | 53s | ETA 2.6min\n"}
,{"stream_name":"stdout","time":2016.794582686,"data":"[12:56:53] [INFO]   Ep9 B60/203 | loss=22.9963 | 63s | ETA 2.4min\n"}
,{"stream_name":"stdout","time":2026.665332222,"data":"[12:57:02] [INFO]   Ep9 B70/203 | loss=36.8688 | 73s | ETA 2.3min\n"}
,{"stream_name":"stdout","time":2036.720864404,"data":"[12:57:12] [INFO]   Ep9 B80/203 | loss=36.6587 | 83s | ETA 2.1min\n"}
,{"stream_name":"stdout","time":2046.523981921,"data":"[12:57:22] [INFO]   Ep9 B90/203 | loss=36.3146 | 93s | ETA 1.9min\n"}
,{"stream_name":"stdout","time":2056.508491071,"data":"[12:57:32] [INFO]   Ep9 B100/203 | loss=37.7450 | 103s | ETA 1.7min\n"}
,{"stream_name":"stdout","time":2066.534423082,"data":"[12:57:42] [INFO]   Ep9 B110/203 | loss=24.0458 | 113s | ETA 1.6min\n"}
,{"stream_name":"stdout","time":2076.730634299,"data":"[12:57:53] [INFO]   Ep9 B120/203 | loss=23.6595 | 123s | ETA 1.4min\n"}
,{"stream_name":"stdout","time":2086.535466585,"data":"[12:58:02] [INFO]   Ep9 B130/203 | loss=36.8566 | 133s | ETA 1.2min\n"}
,{"stream_name":"stdout","time":2096.892209983,"data":"[12:58:13] [INFO]   Ep9 B140/203 | loss=35.9426 | 143s | ETA 1.0min\n"}
,{"stream_name":"stdout","time":2106.82568021,"data":"[12:58:23] [INFO]   Ep9 B150/203 | loss=36.5056 | 153s | ETA 0.9min\n"}
,{"stream_name":"stdout","time":2117.151522513,"data":"[12:58:33] [INFO]   Ep9 B160/203 | loss=24.3503 | 163s | ETA 0.7min\n"}
,{"stream_name":"stdout","time":2127.39381252,"data":"[12:58:43] [INFO]   Ep9 B170/203 | loss=35.7801 | 174s | ETA 0.5min\n"}
,{"stream_name":"stdout","time":2137.403907486,"data":"[12:58:53] [INFO]   Ep9 B180/203 | loss=36.6812 | 184s | ETA 0.4min\n"}
,{"stream_name":"stdout","time":2147.417099123,"data":"[12:59:03] [INFO]   Ep9 B190/203 | loss=22.8231 | 194s | ETA 0.2min\n"}
,{"stream_name":"stdout","time":2157.582066625,"data":"[12:59:13] [INFO]   Ep9 B200/203 | loss=37.1930 | 204s | ETA 0.0min\n"}
,{"stream_name":"stdout","time":2159.574819216,"data":"[12:59:15] [INFO]   Ep9 DONE | avg_loss=30.2231 | time=206s (3.4min)\n"}
,{"stream_name":"stdout","time":2164.299051198,"data":"[12:59:20] [INFO] Ep9 RESULT | loss=30.2231 | acc=0.0690 | map3=0.0996 | f1=0.0456\n"}
,{"stream_name":"stdout","time":2164.300064738,"data":"[12:59:20] [INFO]   No improvement for 3 epoch(s).\n"}
,{"stream_name":"stdout","time":2165.051912344,"data":"[12:59:21] [INFO] ============================================================\n"}
,{"stream_name":"stdout","time":2165.052943352,"data":"[12:59:21] [INFO] EPOCH 10/19\n"}
,{"stream_name":"stdout","time":2165.053810258,"data":"[12:59:21] [INFO] ============================================================\n"}
,{"stream_name":"stdout","time":2166.585077147,"data":"[12:59:22] [INFO]   Ep10 B0/203 | loss=23.1348 | 2s | ETA 5.1min\n"}
,{"stream_name":"stdout","time":2176.625097214,"data":"[12:59:32] [INFO]   Ep10 B10/203 | loss=36.4279 | 12s | ETA 3.4min\n"}
,{"stream_name":"stdout","time":2186.551315647,"data":"[12:59:42] [INFO]   Ep10 B20/203 | loss=23.3853 | 21s | ETA 3.1min\n"}
,{"stream_name":"stdout","time":2196.407462341,"data":"[12:59:52] [INFO]   Ep10 B30/203 | loss=34.1018 | 31s | ETA 2.9min\n"}
,{"stream_name":"stdout","time":2206.661917564,"data":"[13:00:02] [INFO]   Ep10 B40/203 | loss=24.4050 | 42s | ETA 2.7min\n"}
,{"stream_name":"stdout","time":2216.702260739,"data":"[13:00:12] [INFO]   Ep10 B50/203 | loss=36.2695 | 52s | ETA 2.6min\n"}
,{"stream_name":"stdout","time":2227.150632908,"data":"[13:00:23] [INFO]   Ep10 B60/203 | loss=35.6871 | 62s | ETA 2.4min\n"}
,{"stream_name":"stdout","time":2237.318885177,"data":"[13:00:33] [INFO]   Ep10 B70/203 | loss=34.8028 | 72s | ETA 2.2min\n"}
,{"stream_name":"stdout","time":2247.542216108,"data":"[13:00:43] [INFO]   Ep10 B80/203 | loss=22.5818 | 82s | ETA 2.1min\n"}
,{"stream_name":"stdout","time":2257.813237059,"data":"[13:00:54] [INFO]   Ep10 B90/203 | loss=23.2487 | 93s | ETA 1.9min\n"}
,{"stream_name":"stdout","time":2268.246921404,"data":"[13:01:04] [INFO]   Ep10 B100/203 | loss=32.9951 | 103s | ETA 1.7min\n"}
,{"stream_name":"stdout","time":2278.276216813,"data":"[13:01:14] [INFO]   Ep10 B110/203 | loss=23.0044 | 113s | ETA 1.6min\n"}
,{"stream_name":"stdout","time":2288.368446659,"data":"[13:01:24] [INFO]   Ep10 B120/203 | loss=23.2489 | 123s | ETA 1.4min\n"}
,{"stream_name":"stdout","time":2298.300151897,"data":"[13:01:34] [INFO]   Ep10 B130/203 | loss=20.9999 | 133s | ETA 1.2min\n"}
,{"stream_name":"stdout","time":2308.530780426,"data":"[13:01:44] [INFO]   Ep10 B140/203 | loss=34.8774 | 143s | ETA 1.1min\n"}
,{"stream_name":"stdout","time":2318.571566575,"data":"[13:01:54] [INFO]   Ep10 B150/203 | loss=23.2728 | 154s | ETA 0.9min\n"}
,{"stream_name":"stdout","time":2328.738078619,"data":"[13:02:05] [INFO]   Ep10 B160/203 | loss=34.9084 | 164s | ETA 0.7min\n"}
,{"stream_name":"stdout","time":2338.733883536,"data":"[13:02:15] [INFO]   Ep10 B170/203 | loss=34.2916 | 174s | ETA 0.5min\n"}
,{"stream_name":"stdout","time":2348.85453191,"data":"[13:02:25] [INFO]   Ep10 B180/203 | loss=21.5222 | 184s | ETA 0.4min\n"}
,{"stream_name":"stdout","time":2359.233242476,"data":"[13:02:35] [INFO]   Ep10 B190/203 | loss=23.2642 | 194s | ETA 0.2min\n"}
,{"stream_name":"stdout","time":2368.946491955,"data":"[13:02:45] [INFO]   Ep10 B200/203 | loss=22.8668 | 204s | ETA 0.0min\n"}
,{"stream_name":"stdout","time":2370.958341243,"data":"[13:02:47] [INFO]   Ep10 DONE | avg_loss=29.1420 | time=206s (3.4min)\n"}
,{"stream_name":"stdout","time":2375.679822391,"data":"[13:02:51] [INFO] Ep10 RESULT | loss=29.1420 | acc=0.0790 | map3=0.1145 | f1=0.0475\n"}
,{"stream_name":"stdout","time":2375.963163023,"data":"[13:02:52] [INFO]   ★ New best MAP@3: 0.1145 — saved!\n"}
,{"stream_name":"stdout","time":2376.705926668,"data":"[13:02:52] [INFO] ============================================================\n"}
,{"stream_name":"stdout","time":2376.70703094,"data":"[13:02:52] [INFO] EPOCH 11/19\n"}
,{"stream_name":"stdout","time":2376.708247574,"data":"[13:02:52] [INFO] ============================================================\n"}
,{"stream_name":"stdout","time":2378.527453332,"data":"[13:02:54] [INFO]   Ep11 B0/203 | loss=33.6369 | 2s | ETA 6.1min\n"}
,{"stream_name":"stdout","time":2388.818259336,"data":"[13:03:05] [INFO]   Ep11 B10/203 | loss=22.0783 | 12s | ETA 3.5min\n"}
,{"stream_name":"stdout","time":2398.908927629,"data":"[13:03:15] [INFO]   Ep11 B20/203 | loss=22.5967 | 22s | ETA 3.2min\n"}
,{"stream_name":"stdout","time":2409.087637018,"data":"[13:03:25] [INFO]   Ep11 B30/203 | loss=34.7673 | 32s | ETA 3.0min\n"}
,{"stream_name":"stdout","time":2419.062376439,"data":"[13:03:35] [INFO]   Ep11 B40/203 | loss=22.0169 | 42s | ETA 2.8min\n"}
,{"stream_name":"stdout","time":2429.132114967,"data":"[13:03:45] [INFO]   Ep11 B50/203 | loss=23.3253 | 52s | ETA 2.6min\n"}
,{"stream_name":"stdout","time":2439.528682711,"data":"[13:03:55] [INFO]   Ep11 B60/203 | loss=21.8394 | 63s | ETA 2.4min\n"}
,{"stream_name":"stdout","time":2449.715492877,"data":"[13:04:06] [INFO]   Ep11 B70/203 | loss=33.5441 | 73s | ETA 2.3min\n"}
,{"stream_name":"stdout","time":2459.936743369,"data":"[13:04:16] [INFO]   Ep11 B80/203 | loss=35.6365 | 83s | ETA 2.1min\n"}
,{"stream_name":"stdout","time":2470.197060999,"data":"[13:04:26] [INFO]   Ep11 B90/203 | loss=23.2351 | 93s | ETA 1.9min\n"}
,{"stream_name":"stdout","time":2479.993906216,"data":"[13:04:36] [INFO]   Ep11 B100/203 | loss=34.0873 | 103s | ETA 1.7min\n"}
,{"stream_name":"stdout","time":2490.11889041,"data":"[13:04:46] [INFO]   Ep11 B110/203 | loss=22.7493 | 113s | ETA 1.6min\n"}
,{"stream_name":"stdout","time":2500.127331613,"data":"[13:04:56] [INFO]   Ep11 B120/203 | loss=21.6104 | 123s | ETA 1.4min\n"}
,{"stream_name":"stdout","time":2510.467467062,"data":"[13:05:06] [INFO]   Ep11 B130/203 | loss=21.2052 | 134s | ETA 1.2min\n"}
,{"stream_name":"stdout","time":2520.799107117,"data":"[13:05:17] [INFO]   Ep11 B140/203 | loss=35.8326 | 144s | ETA 1.1min\n"}
,{"stream_name":"stdout","time":2531.259323969,"data":"[13:05:27] [INFO]   Ep11 B150/203 | loss=34.5039 | 155s | ETA 0.9min\n"}
,{"stream_name":"stdout","time":2540.970236804,"data":"[13:05:37] [INFO]   Ep11 B160/203 | loss=33.8473 | 164s | ETA 0.7min\n"}
,{"stream_name":"stdout","time":2550.64759904,"data":"[13:05:46] [INFO]   Ep11 B170/203 | loss=33.8623 | 174s | ETA 0.5min\n"}
,{"stream_name":"stdout","time":2560.776526135,"data":"[13:05:57] [INFO]   Ep11 B180/203 | loss=21.4359 | 184s | ETA 0.4min\n"}
,{"stream_name":"stdout","time":2570.812414954,"data":"[13:06:07] [INFO]   Ep11 B190/203 | loss=21.5088 | 194s | ETA 0.2min\n"}
,{"stream_name":"stdout","time":2580.734328647,"data":"[13:06:17] [INFO]   Ep11 B200/203 | loss=21.8642 | 204s | ETA 0.0min\n"}
,{"stream_name":"stdout","time":2582.710095963,"data":"[13:06:19] [INFO]   Ep11 DONE | avg_loss=28.0485 | time=206s (3.4min)\n"}
,{"stream_name":"stdout","time":2587.377930267,"data":"[13:06:23] [INFO] Ep11 RESULT | loss=28.0485 | acc=0.0704 | map3=0.1018 | f1=0.0399\n"}
,{"stream_name":"stdout","time":2587.378730807,"data":"[13:06:23] [INFO]   No improvement for 1 epoch(s).\n"}
,{"stream_name":"stdout","time":2588.118066634,"data":"[13:06:24] [INFO] ============================================================\n"}
,{"stream_name":"stdout","time":2588.118947237,"data":"[13:06:24] [INFO] EPOCH 12/19\n"}
,{"stream_name":"stdout","time":2588.120056163,"data":"[13:06:24] [INFO] ============================================================\n"}
,{"stream_name":"stdout","time":2589.625804617,"data":"[13:06:25] [INFO]   Ep12 B0/203 | loss=21.6693 | 2s | ETA 5.1min\n"}
,{"stream_name":"stdout","time":2599.845947302,"data":"[13:06:36] [INFO]   Ep12 B10/203 | loss=33.0712 | 12s | ETA 3.4min\n"}
,{"stream_name":"stdout","time":2609.881546718,"data":"[13:06:46] [INFO]   Ep12 B20/203 | loss=35.3064 | 22s | ETA 3.1min\n"}
,{"stream_name":"stdout","time":2619.868049984,"data":"[13:06:56] [INFO]   Ep12 B30/203 | loss=33.1581 | 32s | ETA 2.9min\n"}
,{"stream_name":"stdout","time":2630.045912271,"data":"[13:07:06] [INFO]   Ep12 B40/203 | loss=21.2580 | 42s | ETA 2.8min\n"}
,{"stream_name":"stdout","time":2639.853649629,"data":"[13:07:16] [INFO]   Ep12 B50/203 | loss=33.7887 | 52s | ETA 2.6min\n"}
,{"stream_name":"stdout","time":2649.937632763,"data":"[13:07:26] [INFO]   Ep12 B60/203 | loss=33.3419 | 62s | ETA 2.4min\n"}
,{"stream_name":"stdout","time":2660.352219736,"data":"[13:07:36] [INFO]   Ep12 B70/203 | loss=21.5947 | 72s | ETA 2.2min\n"}
,{"stream_name":"stdout","time":2670.043753487,"data":"[13:07:46] [INFO]   Ep12 B80/203 | loss=22.3119 | 82s | ETA 2.1min\n"}
,{"stream_name":"stdout","time":2680.50271458,"data":"[13:07:56] [INFO]   Ep12 B90/203 | loss=20.5819 | 92s | ETA 1.9min\n"}
,{"stream_name":"stdout","time":2690.601451265,"data":"[13:08:06] [INFO]   Ep12 B100/203 | loss=21.5232 | 102s | ETA 1.7min\n"}
,{"stream_name":"stdout","time":2701.043763334,"data":"[13:08:17] [INFO]   Ep12 B110/203 | loss=33.7837 | 113s | ETA 1.6min\n"}
,{"stream_name":"stdout","time":2711.221251708,"data":"[13:08:27] [INFO]   Ep12 B120/203 | loss=22.0652 | 123s | ETA 1.4min\n"}
,{"stream_name":"stdout","time":2721.607359017,"data":"[13:08:37] [INFO]   Ep12 B130/203 | loss=22.3247 | 133s | ETA 1.2min\n"}
,{"stream_name":"stdout","time":2732.02127772,"data":"[13:08:48] [INFO]   Ep12 B140/203 | loss=32.5342 | 144s | ETA 1.1min\n"}
,{"stream_name":"stdout","time":2741.966429033,"data":"[13:08:58] [INFO]   Ep12 B150/203 | loss=34.7395 | 154s | ETA 0.9min\n"}
,{"stream_name":"stdout","time":2752.038990362,"data":"[13:09:08] [INFO]   Ep12 B160/203 | loss=21.1580 | 164s | ETA 0.7min\n"}
,{"stream_name":"stdout","time":2762.137988803,"data":"[13:09:18] [INFO]   Ep12 B170/203 | loss=34.3928 | 174s | ETA 0.5min\n"}
,{"stream_name":"stdout","time":2771.92525719,"data":"[13:09:28] [INFO]   Ep12 B180/203 | loss=33.9301 | 184s | ETA 0.4min\n"}
,{"stream_name":"stdout","time":2781.885084856,"data":"[13:09:38] [INFO]   Ep12 B190/203 | loss=32.9838 | 194s | ETA 0.2min\n"}
,{"stream_name":"stdout","time":2791.863491562,"data":"[13:09:48] [INFO]   Ep12 B200/203 | loss=30.6100 | 204s | ETA 0.0min\n"}
,{"stream_name":"stdout","time":2793.89422619,"data":"[13:09:50] [INFO]   Ep12 DONE | avg_loss=27.7358 | time=206s (3.4min)\n"}
,{"stream_name":"stdout","time":2798.605340651,"data":"[13:09:54] [INFO] Ep12 RESULT | loss=27.7358 | acc=0.0733 | map3=0.1030 | f1=0.0518\n"}
,{"stream_name":"stdout","time":2798.606164589,"data":"[13:09:54] [INFO]   No improvement for 2 epoch(s).\n"}
,{"stream_name":"stdout","time":2799.349448282,"data":"[13:09:55] [INFO] ============================================================\n"}
,{"stream_name":"stdout","time":2799.350523604,"data":"[13:09:55] [INFO] EPOCH 13/19\n"}
,{"stream_name":"stdout","time":2799.352089655,"data":"[13:09:55] [INFO] ============================================================\n"}
,{"stream_name":"stdout","time":2800.876539119,"data":"[13:09:57] [INFO]   Ep13 B0/203 | loss=21.1687 | 2s | ETA 5.1min\n"}
,{"stream_name":"stdout","time":2811.075365441,"data":"[13:10:07] [INFO]   Ep13 B10/203 | loss=33.7474 | 12s | ETA 3.4min\n"}
,{"stream_name":"stdout","time":2821.16894021,"data":"[13:10:17] [INFO]   Ep13 B20/203 | loss=33.3775 | 22s | ETA 3.2min\n"}
,{"stream_name":"stdout","time":2831.561576903,"data":"[13:10:27] [INFO]   Ep13 B30/203 | loss=31.5261 | 32s | ETA 3.0min\n"}
,{"stream_name":"stdout","time":2841.237205664,"data":"[13:10:37] [INFO]   Ep13 B40/203 | loss=34.3275 | 42s | ETA 2.8min\n"}
,{"stream_name":"stdout","time":2851.425467003,"data":"[13:10:47] [INFO]   Ep13 B50/203 | loss=21.7037 | 52s | ETA 2.6min\n"}
,{"stream_name":"stdout","time":2861.453365104,"data":"[13:10:57] [INFO]   Ep13 B60/203 | loss=20.9720 | 62s | ETA 2.4min\n"}
,{"stream_name":"stdout","time":2871.405518434,"data":"[13:11:07] [INFO]   Ep13 B70/203 | loss=20.2219 | 72s | ETA 2.2min\n"}
,{"stream_name":"stdout","time":2881.282159171,"data":"[13:11:17] [INFO]   Ep13 B80/203 | loss=33.4378 | 82s | ETA 2.1min\n"}
,{"stream_name":"stdout","time":2891.21038786,"data":"[13:11:27] [INFO]   Ep13 B90/203 | loss=21.1403 | 92s | ETA 1.9min\n"}
,{"stream_name":"stdout","time":2901.43880458,"data":"[13:11:37] [INFO]   Ep13 B100/203 | loss=30.9026 | 102s | ETA 1.7min\n"}
,{"stream_name":"stdout","time":2911.557486836,"data":"[13:11:47] [INFO]   Ep13 B110/203 | loss=21.3162 | 112s | ETA 1.5min\n"}
,{"stream_name":"stdout","time":2921.781703591,"data":"[13:11:58] [INFO]   Ep13 B120/203 | loss=21.4475 | 122s | ETA 1.4min\n"}
,{"stream_name":"stdout","time":2932.203272677,"data":"[13:12:08] [INFO]   Ep13 B130/203 | loss=32.7256 | 133s | ETA 1.2min\n"}
,{"stream_name":"stdout","time":2942.410173473,"data":"[13:12:18] [INFO]   Ep13 B140/203 | loss=20.6770 | 143s | ETA 1.0min\n"}
,{"stream_name":"stdout","time":2952.504339906,"data":"[13:12:28] [INFO]   Ep13 B150/203 | loss=20.2226 | 153s | ETA 0.9min\n"}
,{"stream_name":"stdout","time":2962.831850256,"data":"[13:12:39] [INFO]   Ep13 B160/203 | loss=20.9870 | 163s | ETA 0.7min\n"}
,{"stream_name":"stdout","time":2972.889993472,"data":"[13:12:49] [INFO]   Ep13 B170/203 | loss=20.8407 | 174s | ETA 0.5min\n"}
,{"stream_name":"stdout","time":2983.099108858,"data":"[13:12:59] [INFO]   Ep13 B180/203 | loss=21.4992 | 184s | ETA 0.4min\n"}
,{"stream_name":"stdout","time":2993.191115103,"data":"[13:13:09] [INFO]   Ep13 B190/203 | loss=32.4444 | 194s | ETA 0.2min\n"}
,{"stream_name":"stdout","time":3003.086250713,"data":"[13:13:19] [INFO]   Ep13 B200/203 | loss=20.8743 | 204s | ETA 0.0min\n"}
,{"stream_name":"stdout","time":3005.084552807,"data":"[13:13:21] [INFO]   Ep13 DONE | avg_loss=26.5891 | time=206s (3.4min)\n"}
,{"stream_name":"stdout","time":3009.751349416,"data":"[13:13:26] [INFO] Ep13 RESULT | loss=26.5891 | acc=0.0819 | map3=0.1137 | f1=0.0516\n"}
,{"stream_name":"stdout","time":3009.752088111,"data":"[13:13:26] [INFO]   No improvement for 3 epoch(s).\n"}
,{"stream_name":"stdout","time":3010.511907877,"data":"[13:13:26] [INFO] ============================================================\n"}
,{"stream_name":"stdout","time":3010.512561563,"data":"[13:13:26] [INFO] EPOCH 14/19\n"}
,{"stream_name":"stdout","time":3010.513816374,"data":"[13:13:26] [INFO] ============================================================\n"}
,{"stream_name":"stdout","time":3012.092257367,"data":"[13:13:28] [INFO]   Ep14 B0/203 | loss=32.0578 | 2s | ETA 5.3min\n"}
,{"stream_name":"stdout","time":3022.007252231,"data":"[13:13:38] [INFO]   Ep14 B10/203 | loss=20.5676 | 11s | ETA 3.3min\n"}
,{"stream_name":"stdout","time":3032.38828379,"data":"[13:13:48] [INFO]   Ep14 B20/203 | loss=30.1191 | 22s | ETA 3.2min\n"}
,{"stream_name":"stdout","time":3042.675673479,"data":"[13:13:58] [INFO]   Ep14 B30/203 | loss=32.8681 | 32s | ETA 3.0min\n"}
,{"stream_name":"stdout","time":3052.555060655,"data":"[13:14:08] [INFO]   Ep14 B40/203 | loss=21.2361 | 42s | ETA 2.8min\n"}
,{"stream_name":"stdout","time":3062.962453357,"data":"[13:14:19] [INFO]   Ep14 B50/203 | loss=32.1752 | 52s | ETA 2.6min\n"}
,{"stream_name":"stdout","time":3073.097095216,"data":"[13:14:29] [INFO]   Ep14 B60/203 | loss=31.3345 | 63s | ETA 2.4min\n"}
,{"stream_name":"stdout","time":3083.707695445,"data":"[13:14:39] [INFO]   Ep14 B70/203 | loss=31.8254 | 73s | ETA 2.3min\n"}
,{"stream_name":"stdout","time":3094.062439499,"data":"[13:14:50] [INFO]   Ep14 B80/203 | loss=20.6751 | 84s | ETA 2.1min\n"}
,{"stream_name":"stdout","time":3104.080389456,"data":"[13:15:00] [INFO]   Ep14 B90/203 | loss=20.8429 | 94s | ETA 1.9min\n"}
,{"stream_name":"stdout","time":3114.418573426,"data":"[13:15:10] [INFO]   Ep14 B100/203 | loss=20.4791 | 104s | ETA 1.7min\n"}
,{"stream_name":"stdout","time":3124.477652168,"data":"[13:15:20] [INFO]   Ep14 B110/203 | loss=29.4267 | 114s | ETA 1.6min\n"}
,{"stream_name":"stdout","time":3134.709564846,"data":"[13:15:30] [INFO]   Ep14 B120/203 | loss=31.2273 | 124s | ETA 1.4min\n"}
,{"stream_name":"stdout","time":3144.823501662,"data":"[13:15:41] [INFO]   Ep14 B130/203 | loss=32.7846 | 134s | ETA 1.2min\n"}
,{"stream_name":"stdout","time":3154.469114916,"data":"[13:15:50] [INFO]   Ep14 B140/203 | loss=31.7300 | 144s | ETA 1.1min\n"}
,{"stream_name":"stdout","time":3164.45377607,"data":"[13:16:00] [INFO]   Ep14 B150/203 | loss=32.7849 | 154s | ETA 0.9min\n"}
,{"stream_name":"stdout","time":3174.295954437,"data":"[13:16:10] [INFO]   Ep14 B160/203 | loss=31.9557 | 164s | ETA 0.7min\n"}
,{"stream_name":"stdout","time":3184.515147722,"data":"[13:16:20] [INFO]   Ep14 B170/203 | loss=30.9033 | 174s | ETA 0.5min\n"}
,{"stream_name":"stdout","time":3194.419267661,"data":"[13:16:30] [INFO]   Ep14 B180/203 | loss=31.8895 | 184s | ETA 0.4min\n"}
,{"stream_name":"stdout","time":3204.618405528,"data":"[13:16:40] [INFO]   Ep14 B190/203 | loss=19.7834 | 194s | ETA 0.2min\n"}
,{"stream_name":"stdout","time":3214.597857635,"data":"[13:16:50] [INFO]   Ep14 B200/203 | loss=19.6896 | 204s | ETA 0.0min\n"}
,{"stream_name":"stdout","time":3216.568808158,"data":"[13:16:52] [INFO]   Ep14 DONE | avg_loss=26.2325 | time=206s (3.4min)\n"}
,{"stream_name":"stdout","time":3221.241295479,"data":"[13:16:57] [INFO] Ep14 RESULT | loss=26.2325 | acc=0.0805 | map3=0.1123 | f1=0.0478\n"}
,{"stream_name":"stdout","time":3221.24184605,"data":"[13:16:57] [INFO]   No improvement for 4 epoch(s).\n"}
,{"stream_name":"stdout","time":3221.998923874,"data":"[13:16:58] [INFO] ============================================================\n"}
,{"stream_name":"stdout","time":3221.998955846,"data":"[13:16:58] [INFO] EPOCH 15/19\n"}
,{"stream_name":"stdout","time":3221.999639405,"data":"[13:16:58] [INFO] ============================================================\n"}
,{"stream_name":"stdout","time":3223.385048525,"data":"[13:16:59] [INFO]   Ep15 B0/203 | loss=20.2522 | 1s | ETA 4.7min\n"}
,{"stream_name":"stdout","time":3233.715425703,"data":"[13:17:10] [INFO]   Ep15 B10/203 | loss=33.1163 | 12s | ETA 3.4min\n"}
,{"stream_name":"stdout","time":3243.615260446,"data":"[13:17:19] [INFO]   Ep15 B20/203 | loss=19.0133 | 22s | ETA 3.1min\n"}
,{"stream_name":"stdout","time":3253.771987885,"data":"[13:17:30] [INFO]   Ep15 B30/203 | loss=31.1777 | 32s | ETA 2.9min\n"}
,{"stream_name":"stdout","time":3263.681867966,"data":"[13:17:39] [INFO]   Ep15 B40/203 | loss=32.3784 | 42s | ETA 2.7min\n"}
,{"stream_name":"stdout","time":3273.917893347,"data":"[13:17:50] [INFO]   Ep15 B50/203 | loss=30.9940 | 52s | ETA 2.6min\n"}
,{"stream_name":"stdout","time":3284.299238132,"data":"[13:18:00] [INFO]   Ep15 B60/203 | loss=20.3740 | 62s | ETA 2.4min\n"}
,{"stream_name":"stdout","time":3294.16591001,"data":"[13:18:10] [INFO]   Ep15 B70/203 | loss=19.7812 | 72s | ETA 2.2min\n"}
,{"stream_name":"stdout","time":3304.220934381,"data":"[13:18:20] [INFO]   Ep15 B80/203 | loss=20.4227 | 82s | ETA 2.1min\n"}
,{"stream_name":"stdout","time":3314.588641129,"data":"[13:18:30] [INFO]   Ep15 B90/203 | loss=31.5113 | 93s | ETA 1.9min\n"}
,{"stream_name":"stdout","time":3324.861878961,"data":"[13:18:41] [INFO]   Ep15 B100/203 | loss=20.1766 | 103s | ETA 1.7min\n"}
,{"stream_name":"stdout","time":3334.901129514,"data":"[13:18:51] [INFO]   Ep15 B110/203 | loss=30.7197 | 113s | ETA 1.6min\n"}
,{"stream_name":"stdout","time":3345.185743329,"data":"[13:19:01] [INFO]   Ep15 B120/203 | loss=20.1569 | 123s | ETA 1.4min\n"}
,{"stream_name":"stdout","time":3355.195461988,"data":"[13:19:11] [INFO]   Ep15 B130/203 | loss=18.9613 | 133s | ETA 1.2min\n"}
,{"stream_name":"stdout","time":3365.082989792,"data":"[13:19:21] [INFO]   Ep15 B140/203 | loss=29.8627 | 143s | ETA 1.0min\n"}
,{"stream_name":"stdout","time":3375.354570981,"data":"[13:19:31] [INFO]   Ep15 B150/203 | loss=19.7414 | 153s | ETA 0.9min\n"}
,{"stream_name":"stdout","time":3385.258765829,"data":"[13:19:41] [INFO]   Ep15 B160/203 | loss=31.0187 | 163s | ETA 0.7min\n"}
,{"stream_name":"stdout","time":3395.409791692,"data":"[13:19:51] [INFO]   Ep15 B170/203 | loss=31.5669 | 173s | ETA 0.5min\n"}
,{"stream_name":"stdout","time":3405.86699233,"data":"[13:20:02] [INFO]   Ep15 B180/203 | loss=18.9680 | 184s | ETA 0.4min\n"}
,{"stream_name":"stdout","time":3415.631955168,"data":"[13:20:11] [INFO]   Ep15 B190/203 | loss=31.8714 | 194s | ETA 0.2min\n"}
,{"stream_name":"stdout","time":3425.740538659,"data":"[13:20:22] [INFO]   Ep15 B200/203 | loss=31.0968 | 204s | ETA 0.0min\n"}
,{"stream_name":"stdout","time":3427.723153446,"data":"[13:20:24] [INFO]   Ep15 DONE | avg_loss=25.7359 | time=206s (3.4min)\n"}
,{"stream_name":"stdout","time":3432.445236301,"data":"[13:20:28] [INFO] Ep15 RESULT | loss=25.7359 | acc=0.0661 | map3=0.0989 | f1=0.0425\n"}
,{"stream_name":"stdout","time":3432.446284621,"data":"[13:20:28] [INFO]   No improvement for 5 epoch(s).\n"}
,{"stream_name":"stdout","time":3433.210272386,"data":"[13:20:29] [INFO] ============================================================\n"}
,{"stream_name":"stdout","time":3433.211094122,"data":"[13:20:29] [INFO] EPOCH 16/19\n"}
,{"stream_name":"stdout","time":3433.21214284,"data":"[13:20:29] [INFO] ============================================================\n"}
,{"stream_name":"stdout","time":3434.546128409,"data":"[13:20:30] [INFO]   Ep16 B0/203 | loss=30.8266 | 1s | ETA 4.5min\n"}
,{"stream_name":"stdout","time":3444.708325641,"data":"[13:20:40] [INFO]   Ep16 B10/203 | loss=31.2463 | 11s | ETA 3.3min\n"}
,{"stream_name":"stdout","time":3454.625963404,"data":"[13:20:50] [INFO]   Ep16 B20/203 | loss=31.3421 | 21s | ETA 3.1min\n"}
,{"stream_name":"stdout","time":3464.919020456,"data":"[13:21:01] [INFO]   Ep16 B30/203 | loss=18.5417 | 32s | ETA 2.9min\n"}
,{"stream_name":"stdout","time":3474.966815339,"data":"[13:21:11] [INFO]   Ep16 B40/203 | loss=19.7438 | 42s | ETA 2.7min\n"}
,{"stream_name":"stdout","time":3484.980849267,"data":"[13:21:21] [INFO]   Ep16 B50/203 | loss=19.7677 | 52s | ETA 2.6min\n"}
,{"stream_name":"stdout","time":3494.85925141,"data":"[13:21:31] [INFO]   Ep16 B60/203 | loss=31.2462 | 62s | ETA 2.4min\n"}
,{"stream_name":"stdout","time":3505.385037217,"data":"[13:21:41] [INFO]   Ep16 B70/203 | loss=19.7658 | 72s | ETA 2.2min\n"}
,{"stream_name":"stdout","time":3515.460958462,"data":"[13:21:51] [INFO]   Ep16 B80/203 | loss=19.3832 | 82s | ETA 2.1min\n"}
,{"stream_name":"stdout","time":3525.809672862,"data":"[13:22:02] [INFO]   Ep16 B90/203 | loss=19.1088 | 93s | ETA 1.9min\n"}
,{"stream_name":"stdout","time":3536.113285842,"data":"[13:22:12] [INFO]   Ep16 B100/203 | loss=28.9989 | 103s | ETA 1.7min\n"}
,{"stream_name":"stdout","time":3546.122267245,"data":"[13:22:22] [INFO]   Ep16 B110/203 | loss=29.8139 | 113s | ETA 1.6min\n"}
,{"stream_name":"stdout","time":3556.285256339,"data":"[13:22:32] [INFO]   Ep16 B120/203 | loss=31.3956 | 123s | ETA 1.4min\n"}
,{"stream_name":"stdout","time":3566.251365384,"data":"[13:22:42] [INFO]   Ep16 B130/203 | loss=19.9606 | 133s | ETA 1.2min\n"}
,{"stream_name":"stdout","time":3576.037595354,"data":"[13:22:52] [INFO]   Ep16 B140/203 | loss=30.7070 | 143s | ETA 1.0min\n"}
,{"stream_name":"stdout","time":3586.221106479,"data":"[13:23:02] [INFO]   Ep16 B150/203 | loss=18.9049 | 153s | ETA 0.9min\n"}
,{"stream_name":"stdout","time":3596.370739051,"data":"[13:23:12] [INFO]   Ep16 B160/203 | loss=28.3091 | 163s | ETA 0.7min\n"}
,{"stream_name":"stdout","time":3606.36295046,"data":"[13:23:22] [INFO]   Ep16 B170/203 | loss=29.6629 | 173s | ETA 0.5min\n"}
,{"stream_name":"stdout","time":3616.121053682,"data":"[13:23:32] [INFO]   Ep16 B180/203 | loss=19.2031 | 183s | ETA 0.4min\n"}
,{"stream_name":"stdout","time":3626.40461849,"data":"[13:23:42] [INFO]   Ep16 B190/203 | loss=19.4347 | 193s | ETA 0.2min\n"}
,{"stream_name":"stdout","time":3636.864008254,"data":"[13:23:53] [INFO]   Ep16 B200/203 | loss=30.4224 | 204s | ETA 0.0min\n"}
,{"stream_name":"stdout","time":3638.856074271,"data":"[13:23:55] [INFO]   Ep16 DONE | avg_loss=24.3621 | time=206s (3.4min)\n"}
,{"stream_name":"stdout","time":3643.508734258,"data":"[13:23:59] [INFO] Ep16 RESULT | loss=24.3621 | acc=0.0733 | map3=0.1073 | f1=0.0512\n"}
,{"stream_name":"stdout","time":3643.509627281,"data":"[13:23:59] [INFO]   No improvement for 6 epoch(s).\n"}
,{"stream_name":"stdout","time":3644.258083269,"data":"[13:24:00] [INFO] ⚠️ Early stopping!\n"}
,{"stream_name":"stdout","time":3644.259331947,"data":"[13:24:00] [INFO] \n"}
,{"stream_name":"stdout","time":3644.259357712,"data":"TRAINING COMPLETE! Best MAP@3: 0.1145 @ epoch 10\n"}
,{"stream_name":"stdout","time":3644.320856799,"data":"[13:24:00] [INFO] Calibrating temperature...\n"}
,{"stream_name":"stdout","time":3649.193403376,"data":"[13:24:05] [INFO] Learned temperature: 1.0534\n"}
,{"stream_name":"stdout","time":3649.262464606,"data":"[13:24:05] [INFO] ============================================================\n"}
,{"stream_name":"stdout","time":3649.263568204,"data":"[13:24:05] [INFO] FINAL TEST EVALUATION\n"}
,{"stream_name":"stdout","time":3649.264763918,"data":"[13:24:05] [INFO] ============================================================\n"}
,{"stream_name":"stdout","time":3654.77555557,"data":"[13:24:11] [INFO]   Accuracy:       0.0632\n"}
,{"stream_name":"stdout","time":3654.776651234,"data":"[13:24:11] [INFO]   MAP@3:          0.0927\n"}
,{"stream_name":"stdout","time":3654.777649395,"data":"[13:24:11] [INFO]   Macro-F1:       0.0367\n"}
,{"stream_name":"stdout","time":3654.778487681,"data":"[13:24:11] [INFO]   Balanced Acc:   0.0616\n"}
,{"stream_name":"stdout","time":3654.779290298,"data":"[13:24:11] [INFO]   ECE:            0.1424\n"}
,{"stream_name":"stdout","time":3654.780887003,"data":"[13:24:11] [INFO]   🔴 DEADLY species in test: 48\n"}
,{"stream_name":"stdout","time":3654.781665891,"data":"[13:24:11] [INFO]   🔴 Safety Recall Deadly: 0.0208\n"}
,{"stream_name":"stdout","time":3654.782571243,"data":"[13:24:11] [INFO] Computing IC 95%...\n"}
,{"stream_name":"stdout","time":3658.128463498,"data":"[13:24:14] [INFO]   MAP@3 95% CI:   [0.0738, 0.1121]\n"}
,{"stream_name":"stdout","time":3658.129268872,"data":"[13:24:14] [INFO] \n"}
,{"stream_name":"stdout","time":3658.129291054,"data":"Per-species accuracy (worst 20):\n"}
,{"stream_name":"stdout","time":3658.131892121,"data":"[13:24:14] [INFO]      Trametes versicolor                     : 0.00\n"}
,{"stream_name":"stdout","time":3658.132930733,"data":"[13:24:14] [INFO]      Phlebia radiata                         : 0.00\n"}
,{"stream_name":"stdout","time":3658.134074213,"data":"[13:24:14] [INFO]      Dacrymyces stillatus                    : 0.00\n"}
,{"stream_name":"stdout","time":3658.135147741,"data":"[13:24:14] [INFO]      Fomitopsis pinicola                     : 0.00\n"}
,{"stream_name":"stdout","time":3658.136323749,"data":"[13:24:14] [INFO]      Exidia glandulosa                       : 0.00\n"}
,{"stream_name":"stdout","time":3658.137354257,"data":"[13:24:14] [INFO]      Bjerkandera adusta                      : 0.00\n"}
,{"stream_name":"stdout","time":3658.138831658,"data":"[13:24:14] [INFO]      Peniophora incarnata                    : 0.00\n"}
,{"stream_name":"stdout","time":3658.139918887,"data":"[13:24:14] [INFO]      Chondrostereum purpureum                : 0.00\n"}
,{"stream_name":"stdout","time":3658.14089413,"data":"[13:24:14] [INFO]      Lentinus brumalis                       : 0.00\n"}
,{"stream_name":"stdout","time":3658.142038786,"data":"[13:24:14] [INFO]      Panellus stipticus                      : 0.00\n"}
,{"stream_name":"stdout","time":3658.143085758,"data":"[13:24:14] [INFO]      Pleurotus ostreatus                     : 0.00\n"}
,{"stream_name":"stdout","time":3658.144163151,"data":"[13:24:14] [INFO]      Gymnopilus penetrans                    : 0.00\n"}
,{"stream_name":"stdout","time":3658.145226931,"data":"[13:24:14] [INFO]      Schizophyllum commune                   : 0.00\n"}
,{"stream_name":"stdout","time":3658.146135332,"data":"[13:24:14] [INFO]      Ganoderma applanatum                    : 0.00\n"}
,{"stream_name":"stdout","time":3658.147394718,"data":"[13:24:14] [INFO]      Auricularia auricula-judae              : 0.00\n"}
,{"stream_name":"stdout","time":3658.14843097,"data":"[13:24:14] [INFO]      Byssomerulius corium                    : 0.00\n"}
,{"stream_name":"stdout","time":3658.149495336,"data":"[13:24:14] [INFO]      Stereum hirsutum                        : 0.00\n"}
,{"stream_name":"stdout","time":3658.150870984,"data":"[13:24:14] [INFO]      Trametes hirsuta                        : 0.00\n"}
,{"stream_name":"stdout","time":3658.151888049,"data":"[13:24:14] [INFO]      Ascocoryne sarcoides                    : 0.00\n"}
,{"stream_name":"stdout","time":3658.152815659,"data":"[13:24:14] [INFO]      Tubaria furfuracea                      : 0.00\n"}
,{"stream_name":"stdout","time":3658.216808941,"data":"[13:24:14] [INFO] Artifacts saved:\n"}
,{"stream_name":"stdout","time":3658.218046864,"data":"[13:24:14] [INFO]   best.pt: 122.8 MB\n"}
,{"stream_name":"stdout","time":3658.219037519,"data":"[13:24:14] [INFO]   checkpoint_latest.pt: 368.4 MB\n"}
,{"stream_name":"stdout","time":3658.220083618,"data":"[13:24:14] [INFO]   label2idx.json: 3.4 KB\n"}
,{"stream_name":"stdout","time":3658.22111369,"data":"[13:24:14] [INFO]   metrics.json: 0.9 KB\n"}
,{"stream_name":"stdout","time":3658.222048492,"data":"[13:24:14] [INFO]   temperature_scaler.pt: 1.4 KB\n"}
,{"stream_name":"stdout","time":3658.223163434,"data":"[13:24:14] [INFO]   test_predictions.npz: 343.2 KB\n"}
,{"stream_name":"stdout","time":3658.224221646,"data":"[13:24:14] [INFO]   training_history.json: 2.9 KB\n"}
,{"stream_name":"stdout","time":3658.225268147,"data":"[13:24:14] [INFO] \n"}
,{"stream_name":"stdout","time":3658.225284561,"data":"============================================================\n"}
,{"stream_name":"stdout","time":3658.226444186,"data":"[13:24:14] [INFO] TRAINING COMPLETE! (v14-E14-focused)\n"}
,{"stream_name":"stdout","time":3658.227485491,"data":"[13:24:14] [INFO]   MAP@3:          0.0927 (CI: [0.0738, 0.1121])\n"}
,{"stream_name":"stdout","time":3658.228525854,"data":"[13:24:14] [INFO]   Accuracy:       0.0632\n"}
,{"stream_name":"stdout","time":3658.229693017,"data":"[13:24:14] [INFO]   Macro-F1:       0.0367\n"}
,{"stream_name":"stdout","time":3658.230756503,"data":"[13:24:14] [INFO]   ECE:            0.1424\n"}
,{"stream_name":"stdout","time":3658.231864902,"data":"[13:24:14] [INFO]   Safety Recall:  0.0208\n"}
,{"stream_name":"stdout","time":3658.232895738,"data":"[13:24:14] [INFO]   DBs:            ['fungitastic', 'fungiclef']\n"}
,{"stream_name":"stdout","time":3658.233914581,"data":"[13:24:14] [INFO] ============================================================\n"}
,{"stream_name":"stdout","time":3658.234897819,"data":"[13:24:14] [INFO] \n"}
,{"stream_name":"stdout","time":3658.234913049,"data":"📋 DEFINITION OF DONE STATUS:\n"}
,{"stream_name":"stdout","time":3658.236162324,"data":"[13:24:14] [INFO]   DO1: Runs \u003c 8h ............... ✅ (est. ~2.5-3h)\n"}
,{"stream_name":"stdout","time":3658.237276673,"data":"[13:24:14] [INFO]   DO2: MAP@3 ≥ 0.450 ........... ⚠️ (0.0927)\n"}
,{"stream_name":"stdout","time":3658.238142516,"data":"[13:24:14] [INFO]   DO3: Safety Recall = 100% .... ❌ (0.0208)\n"}
,{"stream_name":"stdout","time":3658.239415253,"data":"[13:24:14] [INFO]   DO4: Logging real-time ....... ✅\n"}
,{"stream_name":"stdout","time":3658.240477098,"data":"[13:24:14] [INFO]   DO5: Checkpoint each epoch ... ✅\n"}
,{"stream_name":"stdout","time":3658.241564621,"data":"[13:24:14] [INFO]   DO6: LoRA vectorized .......... ✅\n"}
,{"stream_name":"stdout","time":3658.242832124,"data":"[13:24:14] [INFO]   DO7: Multi-DB detected ........ ✅ (['fungitastic', 'fungiclef'])\n"}
,{"stream_name":"stdout","time":3658.244032783,"data":"[13:24:14] [INFO]   DO8: Artifacts exported ...... ✅\n"}
,{"stream_name":"stdout","time":3658.245150456,"data":"[13:24:14] [INFO]   DO9: ECE \u003c 0.15 .............. ✅ (0.1424)\n"}
,{"stream_name":"stdout","time":3658.246076171,"data":"[13:24:14] [INFO]   DO10: Per-species diag ....... ✅\n"}
,{"stream_name":"stderr","time":3663.258038473,"data":"/usr/local/lib/python3.12/dist-packages/mistune.py:435: SyntaxWarning: invalid escape sequence '\\|'\n"}
,{"stream_name":"stderr","time":3663.258073466,"data":"  cells[i][c] = re.sub('\\\\\\\\\\|', '|', cell)\n"}
,{"stream_name":"stderr","time":3663.427446619,"data":"/usr/local/lib/python3.12/dist-packages/nbconvert/filters/filter_links.py:36: SyntaxWarning: invalid escape sequence '\\_'\n"}
,{"stream_name":"stderr","time":3663.42748946,"data":"  text = re.sub(r'_', '\\_', text) # Escape underscores in display text\n"}
,{"stream_name":"stderr","time":3664.086874551,"data":"[NbConvertApp] Converting notebook __notebook__.ipynb to notebook\n"}
,{"stream_name":"stderr","time":3664.460050311,"data":"[NbConvertApp] Writing 148348 bytes to __notebook__.ipynb\n"}
,{"stream_name":"stderr","time":3666.750904286,"data":"[NbConvertApp] Converting notebook __notebook__.ipynb to html\n"}
,{"stream_name":"stderr","time":3667.841805845,"data":"[NbConvertApp] Writing 648317 bytes to __results__.html\n"}
]